================================================================================
EXP-5: Quantization Level vs Conservation
================================================================================
Config: 5 agents, 2 FP32 + 3 quantized, N=50

Levels   | Bits     | CV         | Mean γ+H   | Conserved 
------------------------------------------------------------
       2 |     1.00 |     0.0000 |     3.8746 | ✓         
       3 |     1.58 |     0.0000 |     3.7667 | ✓         
       4 |     2.00 |     0.0000 |     3.7540 | ✓         
       5 |     2.32 |     0.0000 |     3.7440 | ✓         
       6 |     2.58 |     0.0000 |     3.7703 | ✓         
       7 |     2.81 |     0.0000 |     3.7535 | ✓         
       8 |     3.00 |     0.0000 |     3.7655 | ✓         
       9 |     3.17 |     0.0000 |     3.7637 | ✓         
      10 |     3.32 |     0.0000 |     3.7695 | ✓         
      11 |     3.46 |     0.0000 |     3.7625 | ✓         
      12 |     3.58 |     0.0000 |     3.7620 | ✓         
      13 |     3.70 |     0.0000 |     3.7813 | ✓         
      14 |     3.81 |     0.0000 |     3.7751 | ✓         
      15 |     3.91 |     0.0000 |     3.7652 | ✓         
      16 |     4.00 |     0.0000 |     3.7645 | ✓         
      17 |     4.09 |     0.0000 |     3.7611 | ✓         
      18 |     4.17 |     0.0000 |     3.7644 | ✓         
      19 |     4.25 |     0.0000 |     3.7602 | ✓         

================================================================================
INTERPOLATION: Ternary → Binary (3-level to 2-level)
================================================================================
  α=0.00 (ternary=100%, binary=0%) | CV=0.0000 | ✓
  α=0.05 (ternary=95%, binary=5%) | CV=0.0000 | ✓
  α=0.10 (ternary=90%, binary=10%) | CV=0.0000 | ✓
  α=0.15 (ternary=85%, binary=15%) | CV=0.0000 | ✓
  α=0.20 (ternary=80%, binary=20%) | CV=0.0000 | ✓
  α=0.25 (ternary=75%, binary=25%) | CV=0.0000 | ✓
  α=0.30 (ternary=70%, binary=30%) | CV=0.0000 | ✓
  α=0.35 (ternary=65%, binary=35%) | CV=0.0000 | ✓
  α=0.40 (ternary=60%, binary=40%) | CV=0.0000 | ✓
  α=0.45 (ternary=55%, binary=45%) | CV=0.0000 | ✓
  α=0.50 (ternary=50%, binary=50%) | CV=0.0000 | ✓
  α=0.55 (ternary=45%, binary=55%) | CV=0.0000 | ✓
  α=0.60 (ternary=40%, binary=60%) | CV=0.0000 | ✓
  α=0.65 (ternary=35%, binary=65%) | CV=0.0000 | ✓
  α=0.70 (ternary=30%, binary=70%) | CV=0.0000 | ✓
  α=0.75 (ternary=25%, binary=75%) | CV=0.0000 | ✓
  α=0.80 (ternary=20%, binary=80%) | CV=0.0000 | ✓
  α=0.85 (ternary=15%, binary=85%) | CV=0.0000 | ✓
  α=0.90 (ternary=10%, binary=90%) | CV=0.0000 | ✓
  α=0.95 (ternary=5%, binary=95%) | CV=0.0000 | ✓
  α=1.00 (ternary=0%, binary=100%) | CV=0.0000 | ✓

================================================================================
TRANSITION ANALYSIS
================================================================================
  Max CV jump between consecutive levels: 0.0000
  CV range: 0.0000
  Sharpness ratio: 0.9111
  → SHARP transition

Results saved to exp5_results.json
