================================================================================
EXP-3: Asymmetric Coupling as Correlation Breaker
================================================================================
Config               | Entry Corr | GOE-peak   | γ+H CV     | Conserved 
--------------------------------------------------------------------------------
symmetric_random     |     1.0000 |     0.6271 | 0.0000     | ✓         
asym_0.2             |    -0.0011 |     0.1760 | 0.0000     | ✓         
asym_0.5             |     0.0003 |     0.1716 | 0.0000     | ✓         
asym_0.8             |    -0.0029 |     0.1729 | 0.0000     | ✓         
asym_1.0             |     0.0033 |     0.1710 | 0.0000     | ✓         
precision_64_8       |    -0.0028 |     0.1762 | 0.0000     | ✓         
precision_64_4       |    -0.0019 |     0.1743 | 0.0000     | ✓         
precision_64_2       |     0.0003 |     0.1723 | 0.0000     | ✓         

================================================================================
CORRELATION ANALYSIS
================================================================================
  Entry correlation vs CV: r = -0.0710
  GOE-peak score vs CV: r = -0.0699
  → Does not support correlation-breaking hypothesis

Results saved to exp3_results.json
