
============================================================
Architecture: hebbian
============================================================
  noise=  0.0010 | CV=0.0000 ± 0.0000 | ✓
  noise=  0.0016 | CV=0.0000 ± 0.0000 | ✓
  noise=  0.0026 | CV=0.0000 ± 0.0000 | ✓
  noise=  0.0043 | CV=0.0000 ± 0.0000 | ✓
  noise=  0.0070 | CV=0.0000 ± 0.0000 | ✓
  noise=  0.0113 | CV=0.0000 ± 0.0000 | ✓
  noise=  0.0183 | CV=0.0000 ± 0.0000 | ✓
  noise=  0.0298 | CV=0.0000 ± 0.0000 | ✓
  noise=  0.0483 | CV=0.0000 ± 0.0000 | ✓
  noise=  0.0785 | CV=0.0000 ± 0.0000 | ✓
  noise=  0.1274 | CV=0.0000 ± 0.0000 | ✓
  noise=  0.2069 | CV=0.0000 ± 0.0000 | ✓
  noise=  0.3360 | CV=0.0000 ± 0.0000 | ✓
  noise=  0.5456 | CV=0.0000 ± 0.0000 | ✓
  noise=  0.8859 | CV=0.0000 ± 0.0000 | ✓
  noise=  1.4384 | CV=0.0000 ± 0.0000 | ✓
  noise=  2.3357 | CV=0.0000 ± 0.0000 | ✓
  noise=  3.7927 | CV=0.0000 ± 0.0000 | ✓
  noise=  6.1585 | CV=0.0000 ± 0.0000 | ✓
  noise= 10.0000 | CV=0.0000 ± 0.0000 | ✓

============================================================
Architecture: attention
============================================================
  noise=  0.0010 | CV=0.0000 ± 0.0000 | ✓
  noise=  0.0016 | CV=0.0000 ± 0.0000 | ✓
  noise=  0.0026 | CV=0.0000 ± 0.0000 | ✓
  noise=  0.0043 | CV=0.0000 ± 0.0000 | ✓
  noise=  0.0070 | CV=0.0000 ± 0.0000 | ✓
  noise=  0.0113 | CV=0.0000 ± 0.0000 | ✓
  noise=  0.0183 | CV=0.0000 ± 0.0000 | ✓
  noise=  0.0298 | CV=0.0000 ± 0.0000 | ✓
  noise=  0.0483 | CV=0.0000 ± 0.0000 | ✓
  noise=  0.0785 | CV=0.0000 ± 0.0000 | ✓
  noise=  0.1274 | CV=0.0000 ± 0.0000 | ✓
  noise=  0.2069 | CV=0.0000 ± 0.0000 | ✓
  noise=  0.3360 | CV=0.0000 ± 0.0000 | ✓
  noise=  0.5456 | CV=0.0000 ± 0.0000 | ✓
  noise=  0.8859 | CV=0.0000 ± 0.0000 | ✓
  noise=  1.4384 | CV=0.0000 ± 0.0000 | ✓
  noise=  2.3357 | CV=0.0000 ± 0.0000 | ✓
  noise=  3.7927 | CV=0.0000 ± 0.0000 | ✓
  noise=  6.1585 | CV=0.0000 ± 0.0000 | ✓
  noise= 10.0000 | CV=0.0000 ± 0.0000 | ✓

============================================================
CRITICAL NOISE LEVELS (CV < 0.05 threshold)
============================================================
  hebbian: noise > 0.0010
  attention: noise > 0.0010

============================================================
EIGENVALUE SPACING GOE-NESS vs NOISE
============================================================
  hebbian noise= 0.001: level_repulsion(violations)=0.7943
  hebbian noise= 0.010: level_repulsion(violations)=0.7912
  hebbian noise= 0.100: level_repulsion(violations)=0.7896
  hebbian noise= 0.500: level_repulsion(violations)=0.7812
  hebbian noise= 1.000: level_repulsion(violations)=0.6824
  hebbian noise= 5.000: level_repulsion(violations)=0.1710

Results saved to exp2_results.json
