[2026-04-20T02:22:01Z] GC cycle — disk:6% mem_avail:13669MB tmp:31MB pip:MB cargo:138MB npm:2956MB
[2026-04-20T02:22:01Z] TRUNCATE /tmp stale: /tmp/oracle1-vessel (4MB)
[2026-04-20T02:22:01Z] TRUNCATE /tmp stale: /tmp/oracle1-workspace (14MB)
[2026-04-20T02:22:01Z] GC complete — freed 18MB
[2026-04-20T02:24:16Z] GC cycle — disk:6% mem_avail:13756MB tmp:14MB pip:MB cargo:138MB npm:2956MB
[2026-04-20T02:24:16Z] GC complete — freed 0MB
[2026-04-20T02:26:44Z] GC cycle — disk:6% mem_avail:13740MB tmp:14MB pip:MB cargo:138MB npm:2956MB
[2026-04-20T02:26:44Z] GC complete — freed 0MB
[2026-04-20T02:28:44Z] GC cycle — disk:6% mem_avail:13624MB tmp:15MB pip:MB cargo:138MB npm:2956MB
[2026-04-20T02:28:44Z] GC complete — freed 0MB
[2026-04-20T02:30:44Z] GC cycle — disk:6% mem_avail:13739MB tmp:15MB pip:MB cargo:138MB npm:2956MB
[2026-04-20T02:30:44Z] GC complete — freed 0MB
[2026-04-20T02:32:44Z] GC cycle — disk:6% mem_avail:13676MB tmp:14MB pip:MB cargo:138MB npm:2956MB
[2026-04-20T02:32:44Z] GC complete — freed 0MB
[2026-04-20T02:34:44Z] GC cycle — disk:6% mem_avail:13713MB tmp:14MB pip:MB cargo:138MB npm:2956MB
[2026-04-20T02:34:44Z] GC complete — freed 0MB
[2026-04-20T02:36:44Z] GC cycle — disk:6% mem_avail:13683MB tmp:14MB pip:MB cargo:138MB npm:2956MB
[2026-04-20T02:36:44Z] GC complete — freed 0MB
[2026-04-20T02:38:44Z] GC cycle — disk:6% mem_avail:13676MB tmp:14MB pip:MB cargo:138MB npm:2956MB
[2026-04-20T02:38:44Z] GC complete — freed 0MB
[2026-04-20T02:40:44Z] GC cycle — disk:6% mem_avail:13683MB tmp:15MB pip:3MB cargo:138MB npm:2956MB
[2026-04-20T02:40:44Z] GC complete — freed 0MB
[2026-04-20T02:42:02Z] GC cycle — disk:6% mem_avail:13669MB tmp:16MB pip:3MB cargo:138MB npm:2956MB
[2026-04-20T02:42:02Z] GC complete — freed 0MB
[2026-04-20T02:44:46Z] GC cycle — disk:7% mem_avail:13571MB tmp:16MB pip:3MB cargo:138MB npm:2956MB
[2026-04-20T02:44:46Z] GC complete — freed 0MB
[2026-04-20T02:46:44Z] GC cycle — disk:7% mem_avail:13565MB tmp:16MB pip:3MB cargo:138MB npm:2956MB
[2026-04-20T02:46:44Z] GC complete — freed 0MB
[2026-04-20T02:48:44Z] GC cycle — disk:7% mem_avail:13556MB tmp:16MB pip:3MB cargo:138MB npm:2956MB
[2026-04-20T02:48:44Z] GC complete — freed 0MB
[2026-04-20T02:50:45Z] GC cycle — disk:7% mem_avail:13607MB tmp:17MB pip:4MB cargo:138MB npm:2956MB
[2026-04-20T02:50:45Z] GC complete — freed 0MB
[2026-04-20T02:52:44Z] GC cycle — disk:7% mem_avail:13607MB tmp:17MB pip:4MB cargo:138MB npm:2956MB
[2026-04-20T02:52:44Z] GC complete — freed 0MB
[2026-04-20T02:54:44Z] GC cycle — disk:7% mem_avail:13541MB tmp:20MB pip:4MB cargo:138MB npm:2956MB
[2026-04-20T02:54:44Z] GC complete — freed 0MB
[2026-04-20T02:56:45Z] GC cycle — disk:7% mem_avail:13708MB tmp:17MB pip:4MB cargo:138MB npm:2956MB
[2026-04-20T02:56:45Z] GC complete — freed 0MB
