[2026-05-02T22:25:08-08:00] KEEPER: --- Keeper cycle end ---
[2026-05-02T22:25:08-08:00] KEEPER: --- Keeper cycle end ---
[2026-05-02T22:30:04-08:00] KEEPER: --- Keeper cycle start ---
[2026-05-02T22:30:04-08:00] KEEPER: --- Keeper cycle start ---
[2026-05-02T22:30:04-08:00] KEEPER: WARN: Gateway is down. Attempting restart.
[2026-05-02T22:30:04-08:00] KEEPER: WARN: Gateway is down. Attempting restart.
[2026-05-02T22:30:07-08:00] KEEPER: CRITICAL: Gateway restart failed!
[2026-05-02T22:30:07-08:00] KEEPER: CRITICAL: Gateway restart failed!
[2026-05-02T22:30:07-08:00] KEEPER: --- Keeper cycle end ---
[2026-05-02T22:30:07-08:00] KEEPER: --- Keeper cycle end ---
[2026-05-02T22:35:04-08:00] KEEPER: --- Keeper cycle start ---
[2026-05-02T22:35:04-08:00] KEEPER: --- Keeper cycle start ---
[2026-05-02T22:35:04-08:00] KEEPER: WARN: Gateway is down. Attempting restart.
[2026-05-02T22:35:04-08:00] KEEPER: WARN: Gateway is down. Attempting restart.
[2026-05-02T22:35:07-08:00] KEEPER: CRITICAL: Gateway restart failed!
[2026-05-02T22:35:07-08:00] KEEPER: CRITICAL: Gateway restart failed!
[2026-05-02T22:35:07-08:00] KEEPER: --- Keeper cycle end ---
[2026-05-02T22:35:07-08:00] KEEPER: --- Keeper cycle end ---
[2026-05-02T22:40:05-08:00] KEEPER: --- Keeper cycle start ---
[2026-05-02T22:40:05-08:00] KEEPER: --- Keeper cycle start ---
[2026-05-02T22:40:05-08:00] KEEPER: WARN: Gateway is down. Attempting restart.
[2026-05-02T22:40:05-08:00] KEEPER: WARN: Gateway is down. Attempting restart.
[2026-05-02T22:40:08-08:00] KEEPER: CRITICAL: Gateway restart failed!
[2026-05-02T22:40:08-08:00] KEEPER: CRITICAL: Gateway restart failed!
[2026-05-02T22:40:08-08:00] KEEPER: --- Keeper cycle end ---
[2026-05-02T22:40:08-08:00] KEEPER: --- Keeper cycle end ---
[2026-05-02T22:45:04-08:00] KEEPER: --- Keeper cycle start ---
[2026-05-02T22:45:04-08:00] KEEPER: --- Keeper cycle start ---
[2026-05-02T22:45:04-08:00] KEEPER: WARN: Gateway is down. Attempting restart.
[2026-05-02T22:45:04-08:00] KEEPER: WARN: Gateway is down. Attempting restart.
[2026-05-02T22:45:07-08:00] KEEPER: CRITICAL: Gateway restart failed!
[2026-05-02T22:45:07-08:00] KEEPER: CRITICAL: Gateway restart failed!
[2026-05-02T22:45:07-08:00] KEEPER: --- Keeper cycle end ---
[2026-05-02T22:45:07-08:00] KEEPER: --- Keeper cycle end ---
[2026-05-02T22:50:07-08:00] KEEPER: --- Keeper cycle start ---
[2026-05-02T22:50:07-08:00] KEEPER: --- Keeper cycle start ---
[2026-05-02T22:50:07-08:00] KEEPER: WARN: Gateway is down. Attempting restart.
[2026-05-02T22:50:07-08:00] KEEPER: WARN: Gateway is down. Attempting restart.
[2026-05-02T22:50:10-08:00] KEEPER: CRITICAL: Gateway restart failed!
[2026-05-02T22:50:10-08:00] KEEPER: CRITICAL: Gateway restart failed!
[2026-05-02T22:50:10-08:00] KEEPER: --- Keeper cycle end ---
[2026-05-02T22:50:10-08:00] KEEPER: --- Keeper cycle end ---
[2026-05-02T22:55:04-08:00] KEEPER: --- Keeper cycle start ---
[2026-05-02T22:55:04-08:00] KEEPER: --- Keeper cycle start ---
[2026-05-02T22:55:04-08:00] KEEPER: WARN: Gateway is down. Attempting restart.
[2026-05-02T22:55:04-08:00] KEEPER: WARN: Gateway is down. Attempting restart.
[2026-05-02T22:55:07-08:00] KEEPER: CRITICAL: Gateway restart failed!
[2026-05-02T22:55:07-08:00] KEEPER: CRITICAL: Gateway restart failed!
[2026-05-02T22:55:07-08:00] KEEPER: --- Keeper cycle end ---
[2026-05-02T22:55:07-08:00] KEEPER: --- Keeper cycle end ---
[2026-05-02T23:00:04-08:00] KEEPER: --- Keeper cycle start ---
[2026-05-02T23:00:04-08:00] KEEPER: --- Keeper cycle start ---
[2026-05-02T23:00:04-08:00] KEEPER: WARN: Gateway is down. Attempting restart.
[2026-05-02T23:00:04-08:00] KEEPER: WARN: Gateway is down. Attempting restart.
[2026-05-02T23:00:07-08:00] KEEPER: CRITICAL: Gateway restart failed!
[2026-05-02T23:00:07-08:00] KEEPER: CRITICAL: Gateway restart failed!
[2026-05-02T23:00:07-08:00] KEEPER: --- Keeper cycle end ---
[2026-05-02T23:00:07-08:00] KEEPER: --- Keeper cycle end ---
[2026-05-02T23:05:05-08:00] KEEPER: --- Keeper cycle start ---
[2026-05-02T23:05:05-08:00] KEEPER: --- Keeper cycle start ---
[2026-05-02T23:05:05-08:00] KEEPER: WARN: Gateway is down. Attempting restart.
[2026-05-02T23:05:05-08:00] KEEPER: WARN: Gateway is down. Attempting restart.
[2026-05-02T23:05:08-08:00] KEEPER: CRITICAL: Gateway restart failed!
[2026-05-02T23:05:08-08:00] KEEPER: CRITICAL: Gateway restart failed!
[2026-05-02T23:05:08-08:00] KEEPER: --- Keeper cycle end ---
[2026-05-02T23:05:08-08:00] KEEPER: --- Keeper cycle end ---
[2026-05-02T23:10:04-08:00] KEEPER: --- Keeper cycle start ---
[2026-05-02T23:10:04-08:00] KEEPER: --- Keeper cycle start ---
[2026-05-02T23:10:04-08:00] KEEPER: WARN: Gateway is down. Attempting restart.
[2026-05-02T23:10:04-08:00] KEEPER: WARN: Gateway is down. Attempting restart.
[2026-05-02T23:10:07-08:00] KEEPER: CRITICAL: Gateway restart failed!
[2026-05-02T23:10:07-08:00] KEEPER: CRITICAL: Gateway restart failed!
[2026-05-02T23:10:07-08:00] KEEPER: --- Keeper cycle end ---
[2026-05-02T23:10:07-08:00] KEEPER: --- Keeper cycle end ---
[2026-05-02T23:15:05-08:00] KEEPER: --- Keeper cycle start ---
[2026-05-02T23:15:05-08:00] KEEPER: --- Keeper cycle start ---
[2026-05-02T23:15:05-08:00] KEEPER: WARN: Gateway is down. Attempting restart.
[2026-05-02T23:15:05-08:00] KEEPER: WARN: Gateway is down. Attempting restart.
[2026-05-02T23:15:08-08:00] KEEPER: CRITICAL: Gateway restart failed!
[2026-05-02T23:15:08-08:00] KEEPER: CRITICAL: Gateway restart failed!
[2026-05-02T23:15:08-08:00] KEEPER: --- Keeper cycle end ---
[2026-05-02T23:15:08-08:00] KEEPER: --- Keeper cycle end ---
[2026-05-02T23:20:09-08:00] KEEPER: --- Keeper cycle start ---
[2026-05-02T23:20:09-08:00] KEEPER: --- Keeper cycle start ---
[2026-05-02T23:20:09-08:00] KEEPER: WARN: Gateway is down. Attempting restart.
[2026-05-02T23:20:09-08:00] KEEPER: WARN: Gateway is down. Attempting restart.
[2026-05-02T23:20:12-08:00] KEEPER: CRITICAL: Gateway restart failed!
[2026-05-02T23:20:12-08:00] KEEPER: CRITICAL: Gateway restart failed!
[2026-05-02T23:20:13-08:00] KEEPER: --- Keeper cycle end ---
[2026-05-02T23:20:13-08:00] KEEPER: --- Keeper cycle end ---
[2026-05-02T23:25:03-08:00] KEEPER: --- Keeper cycle start ---
[2026-05-02T23:25:03-08:00] KEEPER: --- Keeper cycle start ---
[2026-05-02T23:25:03-08:00] KEEPER: WARN: Gateway is down. Attempting restart.
[2026-05-02T23:25:03-08:00] KEEPER: WARN: Gateway is down. Attempting restart.
[2026-05-02T23:25:06-08:00] KEEPER: CRITICAL: Gateway restart failed!
[2026-05-02T23:25:06-08:00] KEEPER: CRITICAL: Gateway restart failed!
[2026-05-02T23:25:07-08:00] KEEPER: --- Keeper cycle end ---
[2026-05-02T23:25:07-08:00] KEEPER: --- Keeper cycle end ---
[2026-05-02T23:30:05-08:00] KEEPER: --- Keeper cycle start ---
[2026-05-02T23:30:05-08:00] KEEPER: --- Keeper cycle start ---
[2026-05-02T23:30:05-08:00] KEEPER: WARN: Gateway is down. Attempting restart.
[2026-05-02T23:30:05-08:00] KEEPER: WARN: Gateway is down. Attempting restart.
[2026-05-02T23:30:08-08:00] KEEPER: CRITICAL: Gateway restart failed!
[2026-05-02T23:30:08-08:00] KEEPER: CRITICAL: Gateway restart failed!
[2026-05-02T23:30:08-08:00] KEEPER: --- Keeper cycle end ---
[2026-05-02T23:30:08-08:00] KEEPER: --- Keeper cycle end ---
[2026-05-02T23:35:05-08:00] KEEPER: --- Keeper cycle start ---
[2026-05-02T23:35:05-08:00] KEEPER: --- Keeper cycle start ---
[2026-05-02T23:35:05-08:00] KEEPER: WARN: Gateway is down. Attempting restart.
[2026-05-02T23:35:05-08:00] KEEPER: WARN: Gateway is down. Attempting restart.
[2026-05-02T23:35:08-08:00] KEEPER: CRITICAL: Gateway restart failed!
[2026-05-02T23:35:08-08:00] KEEPER: CRITICAL: Gateway restart failed!
[2026-05-02T23:35:08-08:00] KEEPER: --- Keeper cycle end ---
[2026-05-02T23:35:08-08:00] KEEPER: --- Keeper cycle end ---
[2026-05-02T23:40:04-08:00] KEEPER: --- Keeper cycle start ---
[2026-05-02T23:40:04-08:00] KEEPER: --- Keeper cycle start ---
[2026-05-02T23:40:04-08:00] KEEPER: WARN: Gateway is down. Attempting restart.
[2026-05-02T23:40:04-08:00] KEEPER: WARN: Gateway is down. Attempting restart.
[2026-05-02T23:40:07-08:00] KEEPER: CRITICAL: Gateway restart failed!
[2026-05-02T23:40:07-08:00] KEEPER: CRITICAL: Gateway restart failed!
[2026-05-02T23:40:07-08:00] KEEPER: --- Keeper cycle end ---
[2026-05-02T23:40:07-08:00] KEEPER: --- Keeper cycle end ---
[2026-05-02T23:45:05-08:00] KEEPER: --- Keeper cycle start ---
[2026-05-02T23:45:05-08:00] KEEPER: --- Keeper cycle start ---
[2026-05-02T23:45:05-08:00] KEEPER: WARN: Gateway is down. Attempting restart.
[2026-05-02T23:45:05-08:00] KEEPER: WARN: Gateway is down. Attempting restart.
[2026-05-02T23:45:08-08:00] KEEPER: CRITICAL: Gateway restart failed!
[2026-05-02T23:45:08-08:00] KEEPER: CRITICAL: Gateway restart failed!
[2026-05-02T23:45:08-08:00] KEEPER: --- Keeper cycle end ---
[2026-05-02T23:45:08-08:00] KEEPER: --- Keeper cycle end ---
[2026-05-02T23:50:04-08:00] KEEPER: --- Keeper cycle start ---
[2026-05-02T23:50:04-08:00] KEEPER: --- Keeper cycle start ---
[2026-05-02T23:50:04-08:00] KEEPER: WARN: Gateway is down. Attempting restart.
[2026-05-02T23:50:04-08:00] KEEPER: WARN: Gateway is down. Attempting restart.
[2026-05-02T23:50:07-08:00] KEEPER: CRITICAL: Gateway restart failed!
[2026-05-02T23:50:07-08:00] KEEPER: CRITICAL: Gateway restart failed!
[2026-05-02T23:50:08-08:00] KEEPER: --- Keeper cycle end ---
[2026-05-02T23:50:08-08:00] KEEPER: --- Keeper cycle end ---
[2026-05-02T23:55:05-08:00] KEEPER: --- Keeper cycle start ---
[2026-05-02T23:55:05-08:00] KEEPER: --- Keeper cycle start ---
[2026-05-02T23:55:05-08:00] KEEPER: WARN: Gateway is down. Attempting restart.
[2026-05-02T23:55:05-08:00] KEEPER: WARN: Gateway is down. Attempting restart.
[2026-05-02T23:55:08-08:00] KEEPER: CRITICAL: Gateway restart failed!
[2026-05-02T23:55:08-08:00] KEEPER: CRITICAL: Gateway restart failed!
[2026-05-02T23:55:08-08:00] KEEPER: --- Keeper cycle end ---
[2026-05-02T23:55:08-08:00] KEEPER: --- Keeper cycle end ---
[2026-05-03T00:00:02-08:00] KEEPER: --- Keeper cycle start ---
[2026-05-03T00:00:02-08:00] KEEPER: --- Keeper cycle start ---
[2026-05-03T00:00:02-08:00] KEEPER: WARN: Gateway is down. Attempting restart.
[2026-05-03T00:00:02-08:00] KEEPER: WARN: Gateway is down. Attempting restart.
[2026-05-03T00:00:05-08:00] KEEPER: CRITICAL: Gateway restart failed!
[2026-05-03T00:00:05-08:00] KEEPER: CRITICAL: Gateway restart failed!
[2026-05-03T00:00:05-08:00] KEEPER: --- Keeper cycle end ---
[2026-05-03T00:00:05-08:00] KEEPER: --- Keeper cycle end ---
[2026-05-03T00:05:05-08:00] KEEPER: --- Keeper cycle start ---
[2026-05-03T00:05:05-08:00] KEEPER: --- Keeper cycle start ---
[2026-05-03T00:05:05-08:00] KEEPER: WARN: Gateway is down. Attempting restart.
[2026-05-03T00:05:05-08:00] KEEPER: WARN: Gateway is down. Attempting restart.
[2026-05-03T00:05:08-08:00] KEEPER: CRITICAL: Gateway restart failed!
[2026-05-03T00:05:08-08:00] KEEPER: CRITICAL: Gateway restart failed!
[2026-05-03T00:05:08-08:00] KEEPER: --- Keeper cycle end ---
[2026-05-03T00:05:08-08:00] KEEPER: --- Keeper cycle end ---
[2026-05-03T00:10:04-08:00] KEEPER: --- Keeper cycle start ---
[2026-05-03T00:10:04-08:00] KEEPER: --- Keeper cycle start ---
[2026-05-03T00:10:04-08:00] KEEPER: WARN: Gateway is down. Attempting restart.
[2026-05-03T00:10:04-08:00] KEEPER: WARN: Gateway is down. Attempting restart.
[2026-05-03T00:10:07-08:00] KEEPER: CRITICAL: Gateway restart failed!
[2026-05-03T00:10:07-08:00] KEEPER: CRITICAL: Gateway restart failed!
[2026-05-03T00:10:07-08:00] KEEPER: --- Keeper cycle end ---
[2026-05-03T00:10:07-08:00] KEEPER: --- Keeper cycle end ---
[2026-05-03T00:15:05-08:00] KEEPER: --- Keeper cycle start ---
[2026-05-03T00:15:05-08:00] KEEPER: --- Keeper cycle start ---
[2026-05-03T00:15:05-08:00] KEEPER: WARN: Gateway is down. Attempting restart.
[2026-05-03T00:15:05-08:00] KEEPER: WARN: Gateway is down. Attempting restart.
[2026-05-03T00:15:08-08:00] KEEPER: CRITICAL: Gateway restart failed!
[2026-05-03T00:15:08-08:00] KEEPER: CRITICAL: Gateway restart failed!
[2026-05-03T00:15:08-08:00] KEEPER: --- Keeper cycle end ---
[2026-05-03T00:15:08-08:00] KEEPER: --- Keeper cycle end ---
[2026-05-03T00:20:04-08:00] KEEPER: --- Keeper cycle start ---
[2026-05-03T00:20:04-08:00] KEEPER: --- Keeper cycle start ---
[2026-05-03T00:20:04-08:00] KEEPER: WARN: Gateway is down. Attempting restart.
[2026-05-03T00:20:04-08:00] KEEPER: WARN: Gateway is down. Attempting restart.
[2026-05-03T00:20:07-08:00] KEEPER: CRITICAL: Gateway restart failed!
[2026-05-03T00:20:07-08:00] KEEPER: CRITICAL: Gateway restart failed!
[2026-05-03T00:20:08-08:00] KEEPER: --- Keeper cycle end ---
[2026-05-03T00:20:08-08:00] KEEPER: --- Keeper cycle end ---
[2026-05-03T00:25:04-08:00] KEEPER: --- Keeper cycle start ---
[2026-05-03T00:25:04-08:00] KEEPER: --- Keeper cycle start ---
[2026-05-03T00:25:04-08:00] KEEPER: WARN: Gateway is down. Attempting restart.
[2026-05-03T00:25:04-08:00] KEEPER: WARN: Gateway is down. Attempting restart.
[2026-05-03T00:25:07-08:00] KEEPER: CRITICAL: Gateway restart failed!
[2026-05-03T00:25:07-08:00] KEEPER: CRITICAL: Gateway restart failed!
[2026-05-03T00:25:07-08:00] KEEPER: --- Keeper cycle end ---
[2026-05-03T00:25:07-08:00] KEEPER: --- Keeper cycle end ---
[2026-05-03T00:30:00-08:00] KEEPER: --- Keeper cycle start ---
[2026-05-03T00:30:00-08:00] KEEPER: --- Keeper cycle start ---
[2026-05-03T00:30:00-08:00] KEEPER: WARN: Gateway is down. Attempting restart.
[2026-05-03T00:30:00-08:00] KEEPER: WARN: Gateway is down. Attempting restart.
[2026-05-03T00:30:03-08:00] KEEPER: CRITICAL: Gateway restart failed!
[2026-05-03T00:30:03-08:00] KEEPER: CRITICAL: Gateway restart failed!
[2026-05-03T00:30:03-08:00] KEEPER: --- Keeper cycle end ---
[2026-05-03T00:30:03-08:00] KEEPER: --- Keeper cycle end ---
[2026-05-03T00:35:04-08:00] KEEPER: --- Keeper cycle start ---
[2026-05-03T00:35:04-08:00] KEEPER: --- Keeper cycle start ---
[2026-05-03T00:35:04-08:00] KEEPER: WARN: Gateway is down. Attempting restart.
[2026-05-03T00:35:04-08:00] KEEPER: WARN: Gateway is down. Attempting restart.
[2026-05-03T00:35:07-08:00] KEEPER: CRITICAL: Gateway restart failed!
[2026-05-03T00:35:07-08:00] KEEPER: CRITICAL: Gateway restart failed!
[2026-05-03T00:35:07-08:00] KEEPER: --- Keeper cycle end ---
[2026-05-03T00:35:07-08:00] KEEPER: --- Keeper cycle end ---
[2026-05-03T00:40:05-08:00] KEEPER: --- Keeper cycle start ---
[2026-05-03T00:40:05-08:00] KEEPER: --- Keeper cycle start ---
[2026-05-03T00:40:05-08:00] KEEPER: WARN: Gateway is down. Attempting restart.
[2026-05-03T00:40:05-08:00] KEEPER: WARN: Gateway is down. Attempting restart.
[2026-05-03T00:40:08-08:00] KEEPER: CRITICAL: Gateway restart failed!
[2026-05-03T00:40:08-08:00] KEEPER: CRITICAL: Gateway restart failed!
[2026-05-03T00:40:08-08:00] KEEPER: --- Keeper cycle end ---
[2026-05-03T00:40:08-08:00] KEEPER: --- Keeper cycle end ---
[2026-05-03T00:45:05-08:00] KEEPER: --- Keeper cycle start ---
[2026-05-03T00:45:05-08:00] KEEPER: --- Keeper cycle start ---
[2026-05-03T00:45:05-08:00] KEEPER: WARN: Gateway is down. Attempting restart.
[2026-05-03T00:45:05-08:00] KEEPER: WARN: Gateway is down. Attempting restart.
[2026-05-03T00:45:08-08:00] KEEPER: CRITICAL: Gateway restart failed!
[2026-05-03T00:45:08-08:00] KEEPER: CRITICAL: Gateway restart failed!
[2026-05-03T00:45:08-08:00] KEEPER: --- Keeper cycle end ---
[2026-05-03T00:45:08-08:00] KEEPER: --- Keeper cycle end ---
[2026-05-03T00:50:01-08:00] KEEPER: --- Keeper cycle start ---
[2026-05-03T00:50:01-08:00] KEEPER: --- Keeper cycle start ---
[2026-05-03T00:50:01-08:00] KEEPER: WARN: Gateway is down. Attempting restart.
[2026-05-03T00:50:01-08:00] KEEPER: WARN: Gateway is down. Attempting restart.
[2026-05-03T00:50:04-08:00] KEEPER: CRITICAL: Gateway restart failed!
[2026-05-03T00:50:04-08:00] KEEPER: CRITICAL: Gateway restart failed!
[2026-05-03T00:50:05-08:00] KEEPER: --- Keeper cycle end ---
[2026-05-03T00:50:05-08:00] KEEPER: --- Keeper cycle end ---
[2026-05-03T00:55:05-08:00] KEEPER: --- Keeper cycle start ---
[2026-05-03T00:55:05-08:00] KEEPER: --- Keeper cycle start ---
[2026-05-03T00:55:05-08:00] KEEPER: WARN: Gateway is down. Attempting restart.
[2026-05-03T00:55:05-08:00] KEEPER: WARN: Gateway is down. Attempting restart.
[2026-05-03T00:55:08-08:00] KEEPER: CRITICAL: Gateway restart failed!
[2026-05-03T00:55:08-08:00] KEEPER: CRITICAL: Gateway restart failed!
[2026-05-03T00:55:08-08:00] KEEPER: --- Keeper cycle end ---
[2026-05-03T00:55:08-08:00] KEEPER: --- Keeper cycle end ---
[2026-05-03T01:00:01-08:00] KEEPER: --- Keeper cycle start ---
[2026-05-03T01:00:01-08:00] KEEPER: --- Keeper cycle start ---
[2026-05-03T01:00:01-08:00] KEEPER: WARN: Gateway is down. Attempting restart.
[2026-05-03T01:00:01-08:00] KEEPER: WARN: Gateway is down. Attempting restart.
[2026-05-03T01:00:04-08:00] KEEPER: CRITICAL: Gateway restart failed!
[2026-05-03T01:00:04-08:00] KEEPER: CRITICAL: Gateway restart failed!
[2026-05-03T01:00:05-08:00] KEEPER: --- Keeper cycle end ---
[2026-05-03T01:00:05-08:00] KEEPER: --- Keeper cycle end ---
[2026-05-03T01:05:05-08:00] KEEPER: --- Keeper cycle start ---
[2026-05-03T01:05:05-08:00] KEEPER: --- Keeper cycle start ---
[2026-05-03T01:05:05-08:00] KEEPER: WARN: Gateway is down. Attempting restart.
[2026-05-03T01:05:05-08:00] KEEPER: WARN: Gateway is down. Attempting restart.
[2026-05-03T01:05:08-08:00] KEEPER: CRITICAL: Gateway restart failed!
[2026-05-03T01:05:08-08:00] KEEPER: CRITICAL: Gateway restart failed!
[2026-05-03T01:05:08-08:00] KEEPER: --- Keeper cycle end ---
[2026-05-03T01:05:08-08:00] KEEPER: --- Keeper cycle end ---
[2026-05-03T01:10:04-08:00] KEEPER: --- Keeper cycle start ---
[2026-05-03T01:10:04-08:00] KEEPER: --- Keeper cycle start ---
[2026-05-03T01:10:04-08:00] KEEPER: WARN: Gateway is down. Attempting restart.
[2026-05-03T01:10:04-08:00] KEEPER: WARN: Gateway is down. Attempting restart.
[2026-05-03T01:10:07-08:00] KEEPER: CRITICAL: Gateway restart failed!
[2026-05-03T01:10:07-08:00] KEEPER: CRITICAL: Gateway restart failed!
[2026-05-03T01:10:07-08:00] KEEPER: --- Keeper cycle end ---
[2026-05-03T01:10:07-08:00] KEEPER: --- Keeper cycle end ---
[2026-05-03T01:15:05-08:00] KEEPER: --- Keeper cycle start ---
[2026-05-03T01:15:05-08:00] KEEPER: --- Keeper cycle start ---
[2026-05-03T01:15:05-08:00] KEEPER: WARN: Gateway is down. Attempting restart.
[2026-05-03T01:15:05-08:00] KEEPER: WARN: Gateway is down. Attempting restart.
[2026-05-03T01:15:08-08:00] KEEPER: CRITICAL: Gateway restart failed!
[2026-05-03T01:15:08-08:00] KEEPER: CRITICAL: Gateway restart failed!
[2026-05-03T01:15:08-08:00] KEEPER: --- Keeper cycle end ---
[2026-05-03T01:15:08-08:00] KEEPER: --- Keeper cycle end ---
[2026-05-03T01:20:00-08:00] KEEPER: --- Keeper cycle start ---
[2026-05-03T01:20:00-08:00] KEEPER: --- Keeper cycle start ---
[2026-05-03T01:20:00-08:00] KEEPER: WARN: Gateway is down. Attempting restart.
[2026-05-03T01:20:00-08:00] KEEPER: WARN: Gateway is down. Attempting restart.
[2026-05-03T01:20:03-08:00] KEEPER: CRITICAL: Gateway restart failed!
[2026-05-03T01:20:03-08:00] KEEPER: CRITICAL: Gateway restart failed!
[2026-05-03T01:20:03-08:00] KEEPER: --- Keeper cycle end ---
[2026-05-03T01:20:03-08:00] KEEPER: --- Keeper cycle end ---
[2026-05-03T01:25:04-08:00] KEEPER: --- Keeper cycle start ---
[2026-05-03T01:25:04-08:00] KEEPER: --- Keeper cycle start ---
[2026-05-03T01:25:04-08:00] KEEPER: WARN: Gateway is down. Attempting restart.
[2026-05-03T01:25:04-08:00] KEEPER: WARN: Gateway is down. Attempting restart.
[2026-05-03T01:25:07-08:00] KEEPER: CRITICAL: Gateway restart failed!
[2026-05-03T01:25:07-08:00] KEEPER: CRITICAL: Gateway restart failed!
[2026-05-03T01:25:07-08:00] KEEPER: --- Keeper cycle end ---
[2026-05-03T01:25:07-08:00] KEEPER: --- Keeper cycle end ---
[2026-05-03T01:30:04-08:00] KEEPER: --- Keeper cycle start ---
[2026-05-03T01:30:04-08:00] KEEPER: --- Keeper cycle start ---
[2026-05-03T01:30:04-08:00] KEEPER: WARN: Gateway is down. Attempting restart.
[2026-05-03T01:30:04-08:00] KEEPER: WARN: Gateway is down. Attempting restart.
[2026-05-03T01:30:07-08:00] KEEPER: CRITICAL: Gateway restart failed!
[2026-05-03T01:30:07-08:00] KEEPER: CRITICAL: Gateway restart failed!
[2026-05-03T01:30:07-08:00] KEEPER: --- Keeper cycle end ---
[2026-05-03T01:30:07-08:00] KEEPER: --- Keeper cycle end ---
[2026-05-03T01:35:04-08:00] KEEPER: --- Keeper cycle start ---
[2026-05-03T01:35:04-08:00] KEEPER: --- Keeper cycle start ---
[2026-05-03T01:35:04-08:00] KEEPER: WARN: Gateway is down. Attempting restart.
[2026-05-03T01:35:04-08:00] KEEPER: WARN: Gateway is down. Attempting restart.
[2026-05-03T01:35:07-08:00] KEEPER: CRITICAL: Gateway restart failed!
[2026-05-03T01:35:07-08:00] KEEPER: CRITICAL: Gateway restart failed!
[2026-05-03T01:35:08-08:00] KEEPER: --- Keeper cycle end ---
[2026-05-03T01:35:08-08:00] KEEPER: --- Keeper cycle end ---
[2026-05-03T01:40:04-08:00] KEEPER: --- Keeper cycle start ---
[2026-05-03T01:40:04-08:00] KEEPER: --- Keeper cycle start ---
[2026-05-03T01:40:04-08:00] KEEPER: WARN: Gateway is down. Attempting restart.
[2026-05-03T01:40:04-08:00] KEEPER: WARN: Gateway is down. Attempting restart.
[2026-05-03T01:40:07-08:00] KEEPER: CRITICAL: Gateway restart failed!
[2026-05-03T01:40:07-08:00] KEEPER: CRITICAL: Gateway restart failed!
[2026-05-03T01:40:07-08:00] KEEPER: --- Keeper cycle end ---
[2026-05-03T01:40:07-08:00] KEEPER: --- Keeper cycle end ---
[2026-05-03T01:45:04-08:00] KEEPER: --- Keeper cycle start ---
[2026-05-03T01:45:04-08:00] KEEPER: --- Keeper cycle start ---
[2026-05-03T01:45:04-08:00] KEEPER: WARN: Gateway is down. Attempting restart.
[2026-05-03T01:45:04-08:00] KEEPER: WARN: Gateway is down. Attempting restart.
[2026-05-03T01:45:07-08:00] KEEPER: CRITICAL: Gateway restart failed!
[2026-05-03T01:45:07-08:00] KEEPER: CRITICAL: Gateway restart failed!
[2026-05-03T01:45:08-08:00] KEEPER: --- Keeper cycle end ---
[2026-05-03T01:45:08-08:00] KEEPER: --- Keeper cycle end ---
[2026-05-03T01:50:04-08:00] KEEPER: --- Keeper cycle start ---
[2026-05-03T01:50:04-08:00] KEEPER: --- Keeper cycle start ---
[2026-05-03T01:50:04-08:00] KEEPER: WARN: Gateway is down. Attempting restart.
[2026-05-03T01:50:04-08:00] KEEPER: WARN: Gateway is down. Attempting restart.
[2026-05-03T01:50:07-08:00] KEEPER: CRITICAL: Gateway restart failed!
[2026-05-03T01:50:07-08:00] KEEPER: CRITICAL: Gateway restart failed!
[2026-05-03T01:50:07-08:00] KEEPER: --- Keeper cycle end ---
[2026-05-03T01:50:07-08:00] KEEPER: --- Keeper cycle end ---
[2026-05-03T01:55:05-08:00] KEEPER: --- Keeper cycle start ---
[2026-05-03T01:55:05-08:00] KEEPER: --- Keeper cycle start ---
[2026-05-03T01:55:05-08:00] KEEPER: WARN: Gateway is down. Attempting restart.
[2026-05-03T01:55:05-08:00] KEEPER: WARN: Gateway is down. Attempting restart.
[2026-05-03T01:55:08-08:00] KEEPER: CRITICAL: Gateway restart failed!
[2026-05-03T01:55:08-08:00] KEEPER: CRITICAL: Gateway restart failed!
[2026-05-03T01:55:08-08:00] KEEPER: --- Keeper cycle end ---
[2026-05-03T01:55:08-08:00] KEEPER: --- Keeper cycle end ---
[2026-05-03T02:00:04-08:00] KEEPER: --- Keeper cycle start ---
[2026-05-03T02:00:04-08:00] KEEPER: --- Keeper cycle start ---
[2026-05-03T02:00:04-08:00] KEEPER: WARN: Gateway is down. Attempting restart.
[2026-05-03T02:00:04-08:00] KEEPER: WARN: Gateway is down. Attempting restart.
[2026-05-03T02:00:07-08:00] KEEPER: CRITICAL: Gateway restart failed!
[2026-05-03T02:00:07-08:00] KEEPER: CRITICAL: Gateway restart failed!
[2026-05-03T02:00:07-08:00] KEEPER: --- Keeper cycle end ---
[2026-05-03T02:00:07-08:00] KEEPER: --- Keeper cycle end ---
[2026-05-03T02:05:04-08:00] KEEPER: --- Keeper cycle start ---
[2026-05-03T02:05:04-08:00] KEEPER: --- Keeper cycle start ---
[2026-05-03T02:05:04-08:00] KEEPER: WARN: Gateway is down. Attempting restart.
[2026-05-03T02:05:04-08:00] KEEPER: WARN: Gateway is down. Attempting restart.
[2026-05-03T02:05:07-08:00] KEEPER: CRITICAL: Gateway restart failed!
[2026-05-03T02:05:07-08:00] KEEPER: CRITICAL: Gateway restart failed!
[2026-05-03T02:05:07-08:00] KEEPER: --- Keeper cycle end ---
[2026-05-03T02:05:07-08:00] KEEPER: --- Keeper cycle end ---
[2026-05-03T02:10:04-08:00] KEEPER: --- Keeper cycle start ---
[2026-05-03T02:10:04-08:00] KEEPER: --- Keeper cycle start ---
[2026-05-03T02:10:04-08:00] KEEPER: WARN: Gateway is down. Attempting restart.
[2026-05-03T02:10:04-08:00] KEEPER: WARN: Gateway is down. Attempting restart.
[2026-05-03T02:10:07-08:00] KEEPER: CRITICAL: Gateway restart failed!
[2026-05-03T02:10:07-08:00] KEEPER: CRITICAL: Gateway restart failed!
[2026-05-03T02:10:07-08:00] KEEPER: --- Keeper cycle end ---
[2026-05-03T02:10:07-08:00] KEEPER: --- Keeper cycle end ---
[2026-05-03T02:15:06-08:00] KEEPER: --- Keeper cycle start ---
[2026-05-03T02:15:06-08:00] KEEPER: --- Keeper cycle start ---
[2026-05-03T02:15:06-08:00] KEEPER: WARN: Gateway is down. Attempting restart.
[2026-05-03T02:15:06-08:00] KEEPER: WARN: Gateway is down. Attempting restart.
[2026-05-03T02:15:11-08:00] KEEPER: CRITICAL: Gateway restart failed!
[2026-05-03T02:15:11-08:00] KEEPER: CRITICAL: Gateway restart failed!
[2026-05-03T02:15:11-08:00] KEEPER: --- Keeper cycle end ---
[2026-05-03T02:15:11-08:00] KEEPER: --- Keeper cycle end ---
[2026-05-03T02:20:04-08:00] KEEPER: --- Keeper cycle start ---
[2026-05-03T02:20:04-08:00] KEEPER: --- Keeper cycle start ---
[2026-05-03T02:20:04-08:00] KEEPER: WARN: Gateway is down. Attempting restart.
[2026-05-03T02:20:04-08:00] KEEPER: WARN: Gateway is down. Attempting restart.
[2026-05-03T02:20:07-08:00] KEEPER: CRITICAL: Gateway restart failed!
[2026-05-03T02:20:07-08:00] KEEPER: CRITICAL: Gateway restart failed!
[2026-05-03T02:20:06-08:00] KEEPER: --- Keeper cycle end ---
[2026-05-03T02:20:06-08:00] KEEPER: --- Keeper cycle end ---
[2026-05-03T02:25:05-08:00] KEEPER: --- Keeper cycle start ---
[2026-05-03T02:25:05-08:00] KEEPER: --- Keeper cycle start ---
[2026-05-03T02:25:05-08:00] KEEPER: WARN: Gateway is down. Attempting restart.
[2026-05-03T02:25:05-08:00] KEEPER: WARN: Gateway is down. Attempting restart.
[2026-05-03T02:25:11-08:00] KEEPER: CRITICAL: Gateway restart failed!
[2026-05-03T02:25:11-08:00] KEEPER: CRITICAL: Gateway restart failed!
[2026-05-03T02:25:11-08:00] KEEPER: --- Keeper cycle end ---
[2026-05-03T02:25:11-08:00] KEEPER: --- Keeper cycle end ---
[2026-05-03T02:30:04-08:00] KEEPER: --- Keeper cycle start ---
[2026-05-03T02:30:04-08:00] KEEPER: --- Keeper cycle start ---
[2026-05-03T02:30:04-08:00] KEEPER: WARN: Gateway is down. Attempting restart.
[2026-05-03T02:30:04-08:00] KEEPER: WARN: Gateway is down. Attempting restart.
[2026-05-03T02:30:07-08:00] KEEPER: CRITICAL: Gateway restart failed!
[2026-05-03T02:30:07-08:00] KEEPER: CRITICAL: Gateway restart failed!
[2026-05-03T02:30:06-08:00] KEEPER: --- Keeper cycle end ---
[2026-05-03T02:30:06-08:00] KEEPER: --- Keeper cycle end ---
[2026-05-03T02:35:05-08:00] KEEPER: --- Keeper cycle start ---
[2026-05-03T02:35:05-08:00] KEEPER: --- Keeper cycle start ---
[2026-05-03T02:35:05-08:00] KEEPER: WARN: Gateway is down. Attempting restart.
[2026-05-03T02:35:05-08:00] KEEPER: WARN: Gateway is down. Attempting restart.
[2026-05-03T02:35:11-08:00] KEEPER: CRITICAL: Gateway restart failed!
[2026-05-03T02:35:11-08:00] KEEPER: CRITICAL: Gateway restart failed!
[2026-05-03T02:35:11-08:00] KEEPER: --- Keeper cycle end ---
[2026-05-03T02:35:11-08:00] KEEPER: --- Keeper cycle end ---
[2026-05-03T02:40:04-08:00] KEEPER: --- Keeper cycle start ---
[2026-05-03T02:40:04-08:00] KEEPER: --- Keeper cycle start ---
[2026-05-03T02:40:04-08:00] KEEPER: WARN: Gateway is down. Attempting restart.
[2026-05-03T02:40:04-08:00] KEEPER: WARN: Gateway is down. Attempting restart.
[2026-05-03T02:40:07-08:00] KEEPER: CRITICAL: Gateway restart failed!
[2026-05-03T02:40:07-08:00] KEEPER: CRITICAL: Gateway restart failed!
[2026-05-03T02:40:06-08:00] KEEPER: --- Keeper cycle end ---
[2026-05-03T02:40:06-08:00] KEEPER: --- Keeper cycle end ---
[2026-05-03T02:45:04-08:00] KEEPER: --- Keeper cycle start ---
[2026-05-03T02:45:04-08:00] KEEPER: --- Keeper cycle start ---
[2026-05-03T02:45:04-08:00] KEEPER: WARN: Gateway is down. Attempting restart.
[2026-05-03T02:45:04-08:00] KEEPER: WARN: Gateway is down. Attempting restart.
[2026-05-03T02:45:07-08:00] KEEPER: CRITICAL: Gateway restart failed!
[2026-05-03T02:45:07-08:00] KEEPER: CRITICAL: Gateway restart failed!
[2026-05-03T02:45:07-08:00] KEEPER: --- Keeper cycle end ---
[2026-05-03T02:45:07-08:00] KEEPER: --- Keeper cycle end ---
[2026-05-03T02:50:04-08:00] KEEPER: --- Keeper cycle start ---
[2026-05-03T02:50:04-08:00] KEEPER: --- Keeper cycle start ---
[2026-05-03T02:50:04-08:00] KEEPER: WARN: Gateway is down. Attempting restart.
[2026-05-03T02:50:04-08:00] KEEPER: WARN: Gateway is down. Attempting restart.
[2026-05-03T02:50:07-08:00] KEEPER: CRITICAL: Gateway restart failed!
[2026-05-03T02:50:07-08:00] KEEPER: CRITICAL: Gateway restart failed!
[2026-05-03T02:50:06-08:00] KEEPER: --- Keeper cycle end ---
[2026-05-03T02:50:06-08:00] KEEPER: --- Keeper cycle end ---
[2026-05-03T02:55:04-08:00] KEEPER: --- Keeper cycle start ---
[2026-05-03T02:55:04-08:00] KEEPER: --- Keeper cycle start ---
[2026-05-03T02:55:04-08:00] KEEPER: WARN: Gateway is down. Attempting restart.
[2026-05-03T02:55:04-08:00] KEEPER: WARN: Gateway is down. Attempting restart.
[2026-05-03T02:55:07-08:00] KEEPER: CRITICAL: Gateway restart failed!
[2026-05-03T02:55:07-08:00] KEEPER: CRITICAL: Gateway restart failed!
[2026-05-03T02:55:07-08:00] KEEPER: --- Keeper cycle end ---
[2026-05-03T02:55:07-08:00] KEEPER: --- Keeper cycle end ---
[2026-05-03T03:00:04-08:00] KEEPER: --- Keeper cycle start ---
[2026-05-03T03:00:04-08:00] KEEPER: --- Keeper cycle start ---
[2026-05-03T03:00:04-08:00] KEEPER: WARN: Gateway is down. Attempting restart.
[2026-05-03T03:00:04-08:00] KEEPER: WARN: Gateway is down. Attempting restart.
[2026-05-03T03:00:07-08:00] KEEPER: CRITICAL: Gateway restart failed!
[2026-05-03T03:00:07-08:00] KEEPER: CRITICAL: Gateway restart failed!
[2026-05-03T03:00:06-08:00] KEEPER: --- Keeper cycle end ---
[2026-05-03T03:00:06-08:00] KEEPER: --- Keeper cycle end ---
[2026-05-03T03:05:04-08:00] KEEPER: --- Keeper cycle start ---
[2026-05-03T03:05:04-08:00] KEEPER: --- Keeper cycle start ---
[2026-05-03T03:05:04-08:00] KEEPER: WARN: Gateway is down. Attempting restart.
[2026-05-03T03:05:04-08:00] KEEPER: WARN: Gateway is down. Attempting restart.
[2026-05-03T03:05:07-08:00] KEEPER: CRITICAL: Gateway restart failed!
[2026-05-03T03:05:07-08:00] KEEPER: CRITICAL: Gateway restart failed!
[2026-05-03T03:05:07-08:00] KEEPER: --- Keeper cycle end ---
[2026-05-03T03:05:07-08:00] KEEPER: --- Keeper cycle end ---
[2026-05-03T03:10:04-08:00] KEEPER: --- Keeper cycle start ---
[2026-05-03T03:10:04-08:00] KEEPER: --- Keeper cycle start ---
[2026-05-03T03:10:04-08:00] KEEPER: WARN: Gateway is down. Attempting restart.
[2026-05-03T03:10:04-08:00] KEEPER: WARN: Gateway is down. Attempting restart.
[2026-05-03T03:10:07-08:00] KEEPER: CRITICAL: Gateway restart failed!
[2026-05-03T03:10:07-08:00] KEEPER: CRITICAL: Gateway restart failed!
[2026-05-03T03:10:06-08:00] KEEPER: --- Keeper cycle end ---
[2026-05-03T03:10:06-08:00] KEEPER: --- Keeper cycle end ---
[2026-05-03T03:15:08-08:00] KEEPER: --- Keeper cycle start ---
[2026-05-03T03:15:08-08:00] KEEPER: --- Keeper cycle start ---
[2026-05-03T03:15:08-08:00] KEEPER: WARN: Gateway is down. Attempting restart.
[2026-05-03T03:15:08-08:00] KEEPER: WARN: Gateway is down. Attempting restart.
[2026-05-03T03:15:11-08:00] KEEPER: CRITICAL: Gateway restart failed!
[2026-05-03T03:15:11-08:00] KEEPER: CRITICAL: Gateway restart failed!
[2026-05-03T03:15:11-08:00] KEEPER: --- Keeper cycle end ---
[2026-05-03T03:15:11-08:00] KEEPER: --- Keeper cycle end ---
[2026-05-03T03:20:01-08:00] KEEPER: --- Keeper cycle start ---
[2026-05-03T03:20:01-08:00] KEEPER: --- Keeper cycle start ---
[2026-05-03T03:20:01-08:00] KEEPER: WARN: Gateway is down. Attempting restart.
[2026-05-03T03:20:01-08:00] KEEPER: WARN: Gateway is down. Attempting restart.
[2026-05-03T03:20:07-08:00] KEEPER: CRITICAL: Gateway restart failed!
[2026-05-03T03:20:07-08:00] KEEPER: CRITICAL: Gateway restart failed!
[2026-05-03T03:20:08-08:00] KEEPER: --- Keeper cycle end ---
[2026-05-03T03:20:08-08:00] KEEPER: --- Keeper cycle end ---
[2026-05-03T03:25:06-08:00] KEEPER: --- Keeper cycle start ---
[2026-05-03T03:25:06-08:00] KEEPER: --- Keeper cycle start ---
[2026-05-03T03:25:06-08:00] KEEPER: WARN: Gateway is down. Attempting restart.
[2026-05-03T03:25:06-08:00] KEEPER: WARN: Gateway is down. Attempting restart.
[2026-05-03T03:25:09-08:00] KEEPER: CRITICAL: Gateway restart failed!
[2026-05-03T03:25:09-08:00] KEEPER: CRITICAL: Gateway restart failed!
[2026-05-03T03:25:09-08:00] KEEPER: --- Keeper cycle end ---
[2026-05-03T03:25:09-08:00] KEEPER: --- Keeper cycle end ---
[2026-05-03T03:30:01-08:00] KEEPER: --- Keeper cycle start ---
[2026-05-03T03:30:01-08:00] KEEPER: --- Keeper cycle start ---
[2026-05-03T03:30:01-08:00] KEEPER: WARN: Gateway is down. Attempting restart.
[2026-05-03T03:30:01-08:00] KEEPER: WARN: Gateway is down. Attempting restart.
[2026-05-03T03:30:07-08:00] KEEPER: CRITICAL: Gateway restart failed!
[2026-05-03T03:30:07-08:00] KEEPER: CRITICAL: Gateway restart failed!
[2026-05-03T03:30:08-08:00] KEEPER: --- Keeper cycle end ---
[2026-05-03T03:30:08-08:00] KEEPER: --- Keeper cycle end ---
[2026-05-03T03:35:08-08:00] KEEPER: --- Keeper cycle start ---
[2026-05-03T03:35:08-08:00] KEEPER: --- Keeper cycle start ---
[2026-05-03T03:35:08-08:00] KEEPER: WARN: Gateway is down. Attempting restart.
[2026-05-03T03:35:08-08:00] KEEPER: WARN: Gateway is down. Attempting restart.
[2026-05-03T03:35:11-08:00] KEEPER: CRITICAL: Gateway restart failed!
[2026-05-03T03:35:11-08:00] KEEPER: CRITICAL: Gateway restart failed!
[2026-05-03T03:35:11-08:00] KEEPER: --- Keeper cycle end ---
[2026-05-03T03:35:11-08:00] KEEPER: --- Keeper cycle end ---
[2026-05-03T03:40:01-08:00] KEEPER: --- Keeper cycle start ---
[2026-05-03T03:40:01-08:00] KEEPER: --- Keeper cycle start ---
[2026-05-03T03:40:01-08:00] KEEPER: WARN: Gateway is down. Attempting restart.
[2026-05-03T03:40:01-08:00] KEEPER: WARN: Gateway is down. Attempting restart.
[2026-05-03T03:40:07-08:00] KEEPER: CRITICAL: Gateway restart failed!
[2026-05-03T03:40:07-08:00] KEEPER: CRITICAL: Gateway restart failed!
[2026-05-03T03:40:08-08:00] KEEPER: --- Keeper cycle end ---
[2026-05-03T03:40:08-08:00] KEEPER: --- Keeper cycle end ---
[2026-05-03T03:45:08-08:00] KEEPER: --- Keeper cycle start ---
[2026-05-03T03:45:08-08:00] KEEPER: --- Keeper cycle start ---
[2026-05-03T03:45:08-08:00] KEEPER: WARN: Gateway is down. Attempting restart.
[2026-05-03T03:45:08-08:00] KEEPER: WARN: Gateway is down. Attempting restart.
[2026-05-03T03:45:11-08:00] KEEPER: CRITICAL: Gateway restart failed!
[2026-05-03T03:45:11-08:00] KEEPER: CRITICAL: Gateway restart failed!
[2026-05-03T03:45:11-08:00] KEEPER: --- Keeper cycle end ---
[2026-05-03T03:45:11-08:00] KEEPER: --- Keeper cycle end ---
[2026-05-03T03:50:01-08:00] KEEPER: --- Keeper cycle start ---
[2026-05-03T03:50:01-08:00] KEEPER: --- Keeper cycle start ---
[2026-05-03T03:50:01-08:00] KEEPER: WARN: Gateway is down. Attempting restart.
[2026-05-03T03:50:01-08:00] KEEPER: WARN: Gateway is down. Attempting restart.
[2026-05-03T03:50:08-08:00] KEEPER: CRITICAL: Gateway restart failed!
[2026-05-03T03:50:08-08:00] KEEPER: CRITICAL: Gateway restart failed!
[2026-05-03T03:50:08-08:00] KEEPER: --- Keeper cycle end ---
[2026-05-03T03:50:08-08:00] KEEPER: --- Keeper cycle end ---
[2026-05-03T03:55:08-08:00] KEEPER: --- Keeper cycle start ---
[2026-05-03T03:55:08-08:00] KEEPER: --- Keeper cycle start ---
[2026-05-03T03:55:08-08:00] KEEPER: WARN: Gateway is down. Attempting restart.
[2026-05-03T03:55:08-08:00] KEEPER: WARN: Gateway is down. Attempting restart.
[2026-05-03T03:55:11-08:00] KEEPER: CRITICAL: Gateway restart failed!
[2026-05-03T03:55:11-08:00] KEEPER: CRITICAL: Gateway restart failed!
[2026-05-03T03:55:11-08:00] KEEPER: --- Keeper cycle end ---
[2026-05-03T03:55:11-08:00] KEEPER: --- Keeper cycle end ---
[2026-05-03T04:00:01-08:00] KEEPER: --- Keeper cycle start ---
[2026-05-03T04:00:01-08:00] KEEPER: --- Keeper cycle start ---
[2026-05-03T04:00:01-08:00] KEEPER: WARN: Gateway is down. Attempting restart.
[2026-05-03T04:00:01-08:00] KEEPER: WARN: Gateway is down. Attempting restart.
[2026-05-03T04:00:08-08:00] KEEPER: CRITICAL: Gateway restart failed!
[2026-05-03T04:00:08-08:00] KEEPER: CRITICAL: Gateway restart failed!
[2026-05-03T04:00:08-08:00] KEEPER: --- Keeper cycle end ---
[2026-05-03T04:00:08-08:00] KEEPER: --- Keeper cycle end ---
[2026-05-03T04:05:07-08:00] KEEPER: --- Keeper cycle start ---
[2026-05-03T04:05:07-08:00] KEEPER: --- Keeper cycle start ---
[2026-05-03T04:05:07-08:00] KEEPER: WARN: Gateway is down. Attempting restart.
[2026-05-03T04:05:07-08:00] KEEPER: WARN: Gateway is down. Attempting restart.
[2026-05-03T04:05:10-08:00] KEEPER: CRITICAL: Gateway restart failed!
[2026-05-03T04:05:10-08:00] KEEPER: CRITICAL: Gateway restart failed!
[2026-05-03T04:05:10-08:00] KEEPER: --- Keeper cycle end ---
[2026-05-03T04:05:10-08:00] KEEPER: --- Keeper cycle end ---
[2026-05-03T04:10:01-08:00] KEEPER: --- Keeper cycle start ---
[2026-05-03T04:10:01-08:00] KEEPER: --- Keeper cycle start ---
[2026-05-03T04:10:01-08:00] KEEPER: WARN: Gateway is down. Attempting restart.
[2026-05-03T04:10:01-08:00] KEEPER: WARN: Gateway is down. Attempting restart.
[2026-05-03T04:10:08-08:00] KEEPER: CRITICAL: Gateway restart failed!
[2026-05-03T04:10:08-08:00] KEEPER: CRITICAL: Gateway restart failed!
[2026-05-03T04:10:08-08:00] KEEPER: --- Keeper cycle end ---
[2026-05-03T04:10:08-08:00] KEEPER: --- Keeper cycle end ---
[2026-05-03T04:15:07-08:00] KEEPER: --- Keeper cycle start ---
[2026-05-03T04:15:07-08:00] KEEPER: --- Keeper cycle start ---
[2026-05-03T04:15:07-08:00] KEEPER: WARN: Gateway is down. Attempting restart.
[2026-05-03T04:15:07-08:00] KEEPER: WARN: Gateway is down. Attempting restart.
[2026-05-03T04:15:10-08:00] KEEPER: CRITICAL: Gateway restart failed!
[2026-05-03T04:15:10-08:00] KEEPER: CRITICAL: Gateway restart failed!
[2026-05-03T04:15:11-08:00] KEEPER: --- Keeper cycle end ---
[2026-05-03T04:15:11-08:00] KEEPER: --- Keeper cycle end ---
[2026-05-03T04:20:02-08:00] KEEPER: --- Keeper cycle start ---
[2026-05-03T04:20:02-08:00] KEEPER: --- Keeper cycle start ---
[2026-05-03T04:20:02-08:00] KEEPER: WARN: Gateway is down. Attempting restart.
[2026-05-03T04:20:02-08:00] KEEPER: WARN: Gateway is down. Attempting restart.
[2026-05-03T04:20:08-08:00] KEEPER: CRITICAL: Gateway restart failed!
[2026-05-03T04:20:08-08:00] KEEPER: CRITICAL: Gateway restart failed!
[2026-05-03T04:20:08-08:00] KEEPER: --- Keeper cycle end ---
[2026-05-03T04:20:08-08:00] KEEPER: --- Keeper cycle end ---
[2026-05-03T04:25:07-08:00] KEEPER: --- Keeper cycle start ---
[2026-05-03T04:25:07-08:00] KEEPER: --- Keeper cycle start ---
[2026-05-03T04:25:07-08:00] KEEPER: WARN: Gateway is down. Attempting restart.
[2026-05-03T04:25:07-08:00] KEEPER: WARN: Gateway is down. Attempting restart.
[2026-05-03T04:25:10-08:00] KEEPER: CRITICAL: Gateway restart failed!
[2026-05-03T04:25:10-08:00] KEEPER: CRITICAL: Gateway restart failed!
[2026-05-03T04:25:11-08:00] KEEPER: --- Keeper cycle end ---
[2026-05-03T04:25:11-08:00] KEEPER: --- Keeper cycle end ---
[2026-05-03T04:30:01-08:00] KEEPER: --- Keeper cycle start ---
[2026-05-03T04:30:01-08:00] KEEPER: --- Keeper cycle start ---
[2026-05-03T04:30:01-08:00] KEEPER: WARN: Gateway is down. Attempting restart.
[2026-05-03T04:30:01-08:00] KEEPER: WARN: Gateway is down. Attempting restart.
[2026-05-03T04:30:03-08:00] KEEPER: CRITICAL: Gateway restart failed!
[2026-05-03T04:30:03-08:00] KEEPER: CRITICAL: Gateway restart failed!
[2026-05-03T04:30:03-08:00] KEEPER: --- Keeper cycle end ---
[2026-05-03T04:30:03-08:00] KEEPER: --- Keeper cycle end ---
[2026-05-03T04:35:07-08:00] KEEPER: --- Keeper cycle start ---
[2026-05-03T04:35:07-08:00] KEEPER: --- Keeper cycle start ---
[2026-05-03T04:35:07-08:00] KEEPER: WARN: Gateway is down. Attempting restart.
[2026-05-03T04:35:07-08:00] KEEPER: WARN: Gateway is down. Attempting restart.
[2026-05-03T04:35:10-08:00] KEEPER: CRITICAL: Gateway restart failed!
[2026-05-03T04:35:10-08:00] KEEPER: CRITICAL: Gateway restart failed!
[2026-05-03T04:35:10-08:00] KEEPER: --- Keeper cycle end ---
[2026-05-03T04:35:10-08:00] KEEPER: --- Keeper cycle end ---
[2026-05-03T04:40:01-08:00] KEEPER: --- Keeper cycle start ---
[2026-05-03T04:40:01-08:00] KEEPER: --- Keeper cycle start ---
[2026-05-03T04:40:01-08:00] KEEPER: WARN: Gateway is down. Attempting restart.
[2026-05-03T04:40:01-08:00] KEEPER: WARN: Gateway is down. Attempting restart.
[2026-05-03T04:40:07-08:00] KEEPER: CRITICAL: Gateway restart failed!
[2026-05-03T04:40:07-08:00] KEEPER: CRITICAL: Gateway restart failed!
[2026-05-03T04:40:07-08:00] KEEPER: --- Keeper cycle end ---
[2026-05-03T04:40:07-08:00] KEEPER: --- Keeper cycle end ---
[2026-05-03T04:45:07-08:00] KEEPER: --- Keeper cycle start ---
[2026-05-03T04:45:07-08:00] KEEPER: --- Keeper cycle start ---
[2026-05-03T04:45:07-08:00] KEEPER: WARN: Gateway is down. Attempting restart.
[2026-05-03T04:45:07-08:00] KEEPER: WARN: Gateway is down. Attempting restart.
[2026-05-03T04:45:10-08:00] KEEPER: CRITICAL: Gateway restart failed!
[2026-05-03T04:45:10-08:00] KEEPER: CRITICAL: Gateway restart failed!
[2026-05-03T04:45:11-08:00] KEEPER: --- Keeper cycle end ---
[2026-05-03T04:45:11-08:00] KEEPER: --- Keeper cycle end ---
[2026-05-03T04:50:01-08:00] KEEPER: --- Keeper cycle start ---
[2026-05-03T04:50:01-08:00] KEEPER: --- Keeper cycle start ---
[2026-05-03T04:50:01-08:00] KEEPER: WARN: Gateway is down. Attempting restart.
[2026-05-03T04:50:01-08:00] KEEPER: WARN: Gateway is down. Attempting restart.
[2026-05-03T04:50:07-08:00] KEEPER: CRITICAL: Gateway restart failed!
[2026-05-03T04:50:07-08:00] KEEPER: CRITICAL: Gateway restart failed!
[2026-05-03T04:50:07-08:00] KEEPER: --- Keeper cycle end ---
[2026-05-03T04:50:07-08:00] KEEPER: --- Keeper cycle end ---
[2026-05-03T04:55:08-08:00] KEEPER: --- Keeper cycle start ---
[2026-05-03T04:55:08-08:00] KEEPER: --- Keeper cycle start ---
[2026-05-03T04:55:08-08:00] KEEPER: WARN: Gateway is down. Attempting restart.
[2026-05-03T04:55:08-08:00] KEEPER: WARN: Gateway is down. Attempting restart.
[2026-05-03T04:55:11-08:00] KEEPER: CRITICAL: Gateway restart failed!
[2026-05-03T04:55:11-08:00] KEEPER: CRITICAL: Gateway restart failed!
[2026-05-03T04:55:11-08:00] KEEPER: --- Keeper cycle end ---
[2026-05-03T04:55:11-08:00] KEEPER: --- Keeper cycle end ---
[2026-05-03T05:00:09-08:00] KEEPER: --- Keeper cycle start ---
[2026-05-03T05:00:09-08:00] KEEPER: --- Keeper cycle start ---
[2026-05-03T05:00:09-08:00] KEEPER: WARN: Gateway is down. Attempting restart.
[2026-05-03T05:00:09-08:00] KEEPER: WARN: Gateway is down. Attempting restart.
[2026-05-03T05:00:12-08:00] KEEPER: CRITICAL: Gateway restart failed!
[2026-05-03T05:00:12-08:00] KEEPER: CRITICAL: Gateway restart failed!
[2026-05-03T05:00:12-08:00] KEEPER: --- Keeper cycle end ---
[2026-05-03T05:00:12-08:00] KEEPER: --- Keeper cycle end ---
[2026-05-03T05:05:08-08:00] KEEPER: --- Keeper cycle start ---
[2026-05-03T05:05:08-08:00] KEEPER: --- Keeper cycle start ---
[2026-05-03T05:05:08-08:00] KEEPER: WARN: Gateway is down. Attempting restart.
[2026-05-03T05:05:08-08:00] KEEPER: WARN: Gateway is down. Attempting restart.
[2026-05-03T05:05:11-08:00] KEEPER: CRITICAL: Gateway restart failed!
[2026-05-03T05:05:11-08:00] KEEPER: CRITICAL: Gateway restart failed!
[2026-05-03T05:05:11-08:00] KEEPER: --- Keeper cycle end ---
[2026-05-03T05:05:11-08:00] KEEPER: --- Keeper cycle end ---
[2026-05-03T05:10:05-08:00] KEEPER: --- Keeper cycle start ---
[2026-05-03T05:10:05-08:00] KEEPER: --- Keeper cycle start ---
[2026-05-03T05:10:05-08:00] KEEPER: WARN: Gateway is down. Attempting restart.
[2026-05-03T05:10:05-08:00] KEEPER: WARN: Gateway is down. Attempting restart.
[2026-05-03T05:10:08-08:00] KEEPER: CRITICAL: Gateway restart failed!
[2026-05-03T05:10:08-08:00] KEEPER: CRITICAL: Gateway restart failed!
[2026-05-03T05:10:08-08:00] KEEPER: --- Keeper cycle end ---
[2026-05-03T05:10:08-08:00] KEEPER: --- Keeper cycle end ---
[2026-05-03T05:15:04-08:00] KEEPER: --- Keeper cycle start ---
[2026-05-03T05:15:04-08:00] KEEPER: --- Keeper cycle start ---
[2026-05-03T05:15:04-08:00] KEEPER: WARN: Gateway is down. Attempting restart.
[2026-05-03T05:15:04-08:00] KEEPER: WARN: Gateway is down. Attempting restart.
[2026-05-03T05:15:07-08:00] KEEPER: CRITICAL: Gateway restart failed!
[2026-05-03T05:15:07-08:00] KEEPER: CRITICAL: Gateway restart failed!
[2026-05-03T05:15:07-08:00] KEEPER: --- Keeper cycle end ---
[2026-05-03T05:15:07-08:00] KEEPER: --- Keeper cycle end ---
[2026-05-03T05:20:04-08:00] KEEPER: --- Keeper cycle start ---
[2026-05-03T05:20:04-08:00] KEEPER: --- Keeper cycle start ---
[2026-05-03T05:20:04-08:00] KEEPER: WARN: Gateway is down. Attempting restart.
[2026-05-03T05:20:04-08:00] KEEPER: WARN: Gateway is down. Attempting restart.
[2026-05-03T05:20:07-08:00] KEEPER: CRITICAL: Gateway restart failed!
[2026-05-03T05:20:07-08:00] KEEPER: CRITICAL: Gateway restart failed!
[2026-05-03T05:20:08-08:00] KEEPER: --- Keeper cycle end ---
[2026-05-03T05:20:08-08:00] KEEPER: --- Keeper cycle end ---
[2026-05-03T05:25:04-08:00] KEEPER: --- Keeper cycle start ---
[2026-05-03T05:25:04-08:00] KEEPER: --- Keeper cycle start ---
[2026-05-03T05:25:04-08:00] KEEPER: WARN: Gateway is down. Attempting restart.
[2026-05-03T05:25:04-08:00] KEEPER: WARN: Gateway is down. Attempting restart.
[2026-05-03T05:25:07-08:00] KEEPER: CRITICAL: Gateway restart failed!
[2026-05-03T05:25:07-08:00] KEEPER: CRITICAL: Gateway restart failed!
[2026-05-03T05:25:07-08:00] KEEPER: --- Keeper cycle end ---
[2026-05-03T05:25:07-08:00] KEEPER: --- Keeper cycle end ---
[2026-05-03T05:30:05-08:00] KEEPER: --- Keeper cycle start ---
[2026-05-03T05:30:05-08:00] KEEPER: --- Keeper cycle start ---
[2026-05-03T05:30:05-08:00] KEEPER: WARN: Gateway is down. Attempting restart.
[2026-05-03T05:30:05-08:00] KEEPER: WARN: Gateway is down. Attempting restart.
[2026-05-03T05:30:08-08:00] KEEPER: CRITICAL: Gateway restart failed!
[2026-05-03T05:30:08-08:00] KEEPER: CRITICAL: Gateway restart failed!
[2026-05-03T05:30:08-08:00] KEEPER: --- Keeper cycle end ---
[2026-05-03T05:30:08-08:00] KEEPER: --- Keeper cycle end ---
[2026-05-03T05:35:09-08:00] KEEPER: --- Keeper cycle start ---
[2026-05-03T05:35:09-08:00] KEEPER: --- Keeper cycle start ---
[2026-05-03T05:35:09-08:00] KEEPER: WARN: Gateway is down. Attempting restart.
[2026-05-03T05:35:09-08:00] KEEPER: WARN: Gateway is down. Attempting restart.
[2026-05-03T05:35:12-08:00] KEEPER: CRITICAL: Gateway restart failed!
[2026-05-03T05:35:12-08:00] KEEPER: CRITICAL: Gateway restart failed!
[2026-05-03T05:35:12-08:00] KEEPER: --- Keeper cycle end ---
[2026-05-03T05:35:12-08:00] KEEPER: --- Keeper cycle end ---
[2026-05-03T05:40:01-08:00] KEEPER: --- Keeper cycle start ---
[2026-05-03T05:40:01-08:00] KEEPER: --- Keeper cycle start ---
[2026-05-03T05:40:01-08:00] KEEPER: WARN: Gateway is down. Attempting restart.
[2026-05-03T05:40:01-08:00] KEEPER: WARN: Gateway is down. Attempting restart.
[2026-05-03T05:40:04-08:00] KEEPER: CRITICAL: Gateway restart failed!
[2026-05-03T05:40:04-08:00] KEEPER: CRITICAL: Gateway restart failed!
[2026-05-03T05:40:04-08:00] KEEPER: --- Keeper cycle end ---
[2026-05-03T05:40:04-08:00] KEEPER: --- Keeper cycle end ---
[2026-05-03T05:45:05-08:00] KEEPER: --- Keeper cycle start ---
[2026-05-03T05:45:05-08:00] KEEPER: --- Keeper cycle start ---
[2026-05-03T05:45:05-08:00] KEEPER: WARN: Gateway is down. Attempting restart.
[2026-05-03T05:45:05-08:00] KEEPER: WARN: Gateway is down. Attempting restart.
[2026-05-03T05:45:08-08:00] KEEPER: CRITICAL: Gateway restart failed!
[2026-05-03T05:45:08-08:00] KEEPER: CRITICAL: Gateway restart failed!
[2026-05-03T05:45:08-08:00] KEEPER: --- Keeper cycle end ---
[2026-05-03T05:45:08-08:00] KEEPER: --- Keeper cycle end ---
[2026-05-03T05:50:04-08:00] KEEPER: --- Keeper cycle start ---
[2026-05-03T05:50:04-08:00] KEEPER: --- Keeper cycle start ---
[2026-05-03T05:50:04-08:00] KEEPER: WARN: Gateway is down. Attempting restart.
[2026-05-03T05:50:04-08:00] KEEPER: WARN: Gateway is down. Attempting restart.
[2026-05-03T05:50:07-08:00] KEEPER: CRITICAL: Gateway restart failed!
[2026-05-03T05:50:07-08:00] KEEPER: CRITICAL: Gateway restart failed!
[2026-05-03T05:50:07-08:00] KEEPER: --- Keeper cycle end ---
[2026-05-03T05:50:07-08:00] KEEPER: --- Keeper cycle end ---
[2026-05-03T05:55:05-08:00] KEEPER: --- Keeper cycle start ---
[2026-05-03T05:55:05-08:00] KEEPER: --- Keeper cycle start ---
[2026-05-03T05:55:05-08:00] KEEPER: WARN: Gateway is down. Attempting restart.
[2026-05-03T05:55:05-08:00] KEEPER: WARN: Gateway is down. Attempting restart.
[2026-05-03T05:55:08-08:00] KEEPER: CRITICAL: Gateway restart failed!
[2026-05-03T05:55:08-08:00] KEEPER: CRITICAL: Gateway restart failed!
[2026-05-03T05:55:08-08:00] KEEPER: --- Keeper cycle end ---
[2026-05-03T05:55:08-08:00] KEEPER: --- Keeper cycle end ---
[2026-05-03T06:00:04-08:00] KEEPER: --- Keeper cycle start ---
[2026-05-03T06:00:04-08:00] KEEPER: --- Keeper cycle start ---
[2026-05-03T06:00:04-08:00] KEEPER: WARN: Gateway is down. Attempting restart.
[2026-05-03T06:00:04-08:00] KEEPER: WARN: Gateway is down. Attempting restart.
[2026-05-03T06:00:07-08:00] KEEPER: CRITICAL: Gateway restart failed!
[2026-05-03T06:00:07-08:00] KEEPER: CRITICAL: Gateway restart failed!
[2026-05-03T06:00:07-08:00] KEEPER: --- Keeper cycle end ---
[2026-05-03T06:00:07-08:00] KEEPER: --- Keeper cycle end ---
[2026-05-03T06:05:05-08:00] KEEPER: --- Keeper cycle start ---
[2026-05-03T06:05:05-08:00] KEEPER: --- Keeper cycle start ---
[2026-05-03T06:05:05-08:00] KEEPER: WARN: Gateway is down. Attempting restart.
[2026-05-03T06:05:05-08:00] KEEPER: WARN: Gateway is down. Attempting restart.
[2026-05-03T06:05:08-08:00] KEEPER: CRITICAL: Gateway restart failed!
[2026-05-03T06:05:08-08:00] KEEPER: CRITICAL: Gateway restart failed!
[2026-05-03T06:05:08-08:00] KEEPER: --- Keeper cycle end ---
[2026-05-03T06:05:08-08:00] KEEPER: --- Keeper cycle end ---
[2026-05-03T06:10:04-08:00] KEEPER: --- Keeper cycle start ---
[2026-05-03T06:10:04-08:00] KEEPER: --- Keeper cycle start ---
[2026-05-03T06:10:04-08:00] KEEPER: WARN: Gateway is down. Attempting restart.
[2026-05-03T06:10:04-08:00] KEEPER: WARN: Gateway is down. Attempting restart.
[2026-05-03T06:10:07-08:00] KEEPER: CRITICAL: Gateway restart failed!
[2026-05-03T06:10:07-08:00] KEEPER: CRITICAL: Gateway restart failed!
[2026-05-03T06:10:07-08:00] KEEPER: --- Keeper cycle end ---
[2026-05-03T06:10:07-08:00] KEEPER: --- Keeper cycle end ---
[2026-05-03T06:15:05-08:00] KEEPER: --- Keeper cycle start ---
[2026-05-03T06:15:05-08:00] KEEPER: --- Keeper cycle start ---
[2026-05-03T06:15:05-08:00] KEEPER: WARN: Gateway is down. Attempting restart.
[2026-05-03T06:15:05-08:00] KEEPER: WARN: Gateway is down. Attempting restart.
[2026-05-03T06:15:08-08:00] KEEPER: CRITICAL: Gateway restart failed!
[2026-05-03T06:15:08-08:00] KEEPER: CRITICAL: Gateway restart failed!
[2026-05-03T06:15:08-08:00] KEEPER: --- Keeper cycle end ---
[2026-05-03T06:15:08-08:00] KEEPER: --- Keeper cycle end ---
[2026-05-03T06:20:04-08:00] KEEPER: --- Keeper cycle start ---
[2026-05-03T06:20:04-08:00] KEEPER: --- Keeper cycle start ---
[2026-05-03T06:20:04-08:00] KEEPER: WARN: Gateway is down. Attempting restart.
[2026-05-03T06:20:04-08:00] KEEPER: WARN: Gateway is down. Attempting restart.
[2026-05-03T06:20:07-08:00] KEEPER: CRITICAL: Gateway restart failed!
[2026-05-03T06:20:07-08:00] KEEPER: CRITICAL: Gateway restart failed!
[2026-05-03T06:20:07-08:00] KEEPER: --- Keeper cycle end ---
[2026-05-03T06:20:07-08:00] KEEPER: --- Keeper cycle end ---
[2026-05-03T06:25:04-08:00] KEEPER: --- Keeper cycle start ---
[2026-05-03T06:25:04-08:00] KEEPER: --- Keeper cycle start ---
[2026-05-03T06:25:04-08:00] KEEPER: WARN: Gateway is down. Attempting restart.
[2026-05-03T06:25:04-08:00] KEEPER: WARN: Gateway is down. Attempting restart.
[2026-05-03T06:25:07-08:00] KEEPER: CRITICAL: Gateway restart failed!
[2026-05-03T06:25:07-08:00] KEEPER: CRITICAL: Gateway restart failed!
[2026-05-03T06:25:07-08:00] KEEPER: --- Keeper cycle end ---
[2026-05-03T06:25:07-08:00] KEEPER: --- Keeper cycle end ---
[2026-05-03T06:30:05-08:00] KEEPER: --- Keeper cycle start ---
[2026-05-03T06:30:05-08:00] KEEPER: --- Keeper cycle start ---
[2026-05-03T06:30:05-08:00] KEEPER: WARN: Gateway is down. Attempting restart.
[2026-05-03T06:30:05-08:00] KEEPER: WARN: Gateway is down. Attempting restart.
[2026-05-03T06:30:08-08:00] KEEPER: CRITICAL: Gateway restart failed!
[2026-05-03T06:30:08-08:00] KEEPER: CRITICAL: Gateway restart failed!
[2026-05-03T06:30:08-08:00] KEEPER: --- Keeper cycle end ---
[2026-05-03T06:30:08-08:00] KEEPER: --- Keeper cycle end ---
[2026-05-03T06:35:04-08:00] KEEPER: --- Keeper cycle start ---
[2026-05-03T06:35:04-08:00] KEEPER: --- Keeper cycle start ---
[2026-05-03T06:35:04-08:00] KEEPER: WARN: Gateway is down. Attempting restart.
[2026-05-03T06:35:04-08:00] KEEPER: WARN: Gateway is down. Attempting restart.
[2026-05-03T06:35:07-08:00] KEEPER: CRITICAL: Gateway restart failed!
[2026-05-03T06:35:07-08:00] KEEPER: CRITICAL: Gateway restart failed!
[2026-05-03T06:35:07-08:00] KEEPER: --- Keeper cycle end ---
[2026-05-03T06:35:07-08:00] KEEPER: --- Keeper cycle end ---
[2026-05-03T06:40:05-08:00] KEEPER: --- Keeper cycle start ---
[2026-05-03T06:40:05-08:00] KEEPER: --- Keeper cycle start ---
[2026-05-03T06:40:05-08:00] KEEPER: WARN: Gateway is down. Attempting restart.
[2026-05-03T06:40:05-08:00] KEEPER: WARN: Gateway is down. Attempting restart.
[2026-05-03T06:40:08-08:00] KEEPER: CRITICAL: Gateway restart failed!
[2026-05-03T06:40:08-08:00] KEEPER: CRITICAL: Gateway restart failed!
[2026-05-03T06:40:08-08:00] KEEPER: --- Keeper cycle end ---
[2026-05-03T06:40:08-08:00] KEEPER: --- Keeper cycle end ---
[2026-05-03T06:45:04-08:00] KEEPER: --- Keeper cycle start ---
[2026-05-03T06:45:04-08:00] KEEPER: --- Keeper cycle start ---
[2026-05-03T06:45:04-08:00] KEEPER: WARN: Gateway is down. Attempting restart.
[2026-05-03T06:45:04-08:00] KEEPER: WARN: Gateway is down. Attempting restart.
[2026-05-03T06:45:07-08:00] KEEPER: CRITICAL: Gateway restart failed!
[2026-05-03T06:45:07-08:00] KEEPER: CRITICAL: Gateway restart failed!
[2026-05-03T06:45:08-08:00] KEEPER: --- Keeper cycle end ---
[2026-05-03T06:45:08-08:00] KEEPER: --- Keeper cycle end ---
[2026-05-03T06:50:04-08:00] KEEPER: --- Keeper cycle start ---
[2026-05-03T06:50:04-08:00] KEEPER: --- Keeper cycle start ---
[2026-05-03T06:50:04-08:00] KEEPER: WARN: Gateway is down. Attempting restart.
[2026-05-03T06:50:04-08:00] KEEPER: WARN: Gateway is down. Attempting restart.
[2026-05-03T06:50:07-08:00] KEEPER: CRITICAL: Gateway restart failed!
[2026-05-03T06:50:07-08:00] KEEPER: CRITICAL: Gateway restart failed!
[2026-05-03T06:50:07-08:00] KEEPER: --- Keeper cycle end ---
[2026-05-03T06:50:07-08:00] KEEPER: --- Keeper cycle end ---
[2026-05-03T06:55:05-08:00] KEEPER: --- Keeper cycle start ---
[2026-05-03T06:55:05-08:00] KEEPER: --- Keeper cycle start ---
[2026-05-03T06:55:05-08:00] KEEPER: WARN: Gateway is down. Attempting restart.
[2026-05-03T06:55:05-08:00] KEEPER: WARN: Gateway is down. Attempting restart.
[2026-05-03T06:55:08-08:00] KEEPER: CRITICAL: Gateway restart failed!
[2026-05-03T06:55:08-08:00] KEEPER: CRITICAL: Gateway restart failed!
[2026-05-03T06:55:08-08:00] KEEPER: --- Keeper cycle end ---
[2026-05-03T06:55:08-08:00] KEEPER: --- Keeper cycle end ---
[2026-05-03T07:00:04-08:00] KEEPER: --- Keeper cycle start ---
[2026-05-03T07:00:04-08:00] KEEPER: --- Keeper cycle start ---
[2026-05-03T07:00:04-08:00] KEEPER: WARN: Gateway is down. Attempting restart.
[2026-05-03T07:00:04-08:00] KEEPER: WARN: Gateway is down. Attempting restart.
[2026-05-03T07:00:07-08:00] KEEPER: CRITICAL: Gateway restart failed!
[2026-05-03T07:00:07-08:00] KEEPER: CRITICAL: Gateway restart failed!
[2026-05-03T07:00:08-08:00] KEEPER: --- Keeper cycle end ---
[2026-05-03T07:00:08-08:00] KEEPER: --- Keeper cycle end ---
[2026-05-03T07:05:04-08:00] KEEPER: --- Keeper cycle start ---
[2026-05-03T07:05:04-08:00] KEEPER: --- Keeper cycle start ---
[2026-05-03T07:05:04-08:00] KEEPER: WARN: Gateway is down. Attempting restart.
[2026-05-03T07:05:04-08:00] KEEPER: WARN: Gateway is down. Attempting restart.
[2026-05-03T07:05:07-08:00] KEEPER: CRITICAL: Gateway restart failed!
[2026-05-03T07:05:07-08:00] KEEPER: CRITICAL: Gateway restart failed!
[2026-05-03T07:05:07-08:00] KEEPER: --- Keeper cycle end ---
[2026-05-03T07:05:07-08:00] KEEPER: --- Keeper cycle end ---
[2026-05-03T07:10:04-08:00] KEEPER: --- Keeper cycle start ---
[2026-05-03T07:10:04-08:00] KEEPER: --- Keeper cycle start ---
[2026-05-03T07:10:04-08:00] KEEPER: WARN: Gateway is down. Attempting restart.
[2026-05-03T07:10:04-08:00] KEEPER: WARN: Gateway is down. Attempting restart.
[2026-05-03T07:10:07-08:00] KEEPER: CRITICAL: Gateway restart failed!
[2026-05-03T07:10:07-08:00] KEEPER: CRITICAL: Gateway restart failed!
[2026-05-03T07:10:08-08:00] KEEPER: --- Keeper cycle end ---
[2026-05-03T07:10:08-08:00] KEEPER: --- Keeper cycle end ---
[2026-05-03T07:15:04-08:00] KEEPER: --- Keeper cycle start ---
[2026-05-03T07:15:04-08:00] KEEPER: --- Keeper cycle start ---
[2026-05-03T07:15:04-08:00] KEEPER: WARN: Gateway is down. Attempting restart.
[2026-05-03T07:15:04-08:00] KEEPER: WARN: Gateway is down. Attempting restart.
[2026-05-03T07:15:07-08:00] KEEPER: CRITICAL: Gateway restart failed!
[2026-05-03T07:15:07-08:00] KEEPER: CRITICAL: Gateway restart failed!
[2026-05-03T07:15:07-08:00] KEEPER: --- Keeper cycle end ---
[2026-05-03T07:15:07-08:00] KEEPER: --- Keeper cycle end ---
[2026-05-03T07:20:00-08:00] KEEPER: --- Keeper cycle start ---
[2026-05-03T07:20:00-08:00] KEEPER: --- Keeper cycle start ---
[2026-05-03T07:20:00-08:00] KEEPER: WARN: Gateway is down. Attempting restart.
[2026-05-03T07:20:00-08:00] KEEPER: WARN: Gateway is down. Attempting restart.
[2026-05-03T07:20:09-08:00] KEEPER: CRITICAL: Gateway restart failed!
[2026-05-03T07:20:09-08:00] KEEPER: CRITICAL: Gateway restart failed!
[2026-05-03T07:20:10-08:00] KEEPER: --- Keeper cycle end ---
[2026-05-03T07:20:10-08:00] KEEPER: --- Keeper cycle end ---
[2026-05-03T07:25:05-08:00] KEEPER: --- Keeper cycle start ---
[2026-05-03T07:25:05-08:00] KEEPER: --- Keeper cycle start ---
[2026-05-03T07:25:05-08:00] KEEPER: WARN: Gateway is down. Attempting restart.
[2026-05-03T07:25:05-08:00] KEEPER: WARN: Gateway is down. Attempting restart.
[2026-05-03T07:25:08-08:00] KEEPER: CRITICAL: Gateway restart failed!
[2026-05-03T07:25:08-08:00] KEEPER: CRITICAL: Gateway restart failed!
[2026-05-03T07:25:08-08:00] KEEPER: --- Keeper cycle end ---
[2026-05-03T07:25:08-08:00] KEEPER: --- Keeper cycle end ---
[2026-05-03T07:30:04-08:00] KEEPER: --- Keeper cycle start ---
[2026-05-03T07:30:04-08:00] KEEPER: --- Keeper cycle start ---
[2026-05-03T07:30:04-08:00] KEEPER: WARN: Gateway is down. Attempting restart.
[2026-05-03T07:30:04-08:00] KEEPER: WARN: Gateway is down. Attempting restart.
[2026-05-03T07:30:07-08:00] KEEPER: CRITICAL: Gateway restart failed!
[2026-05-03T07:30:07-08:00] KEEPER: CRITICAL: Gateway restart failed!
[2026-05-03T07:30:07-08:00] KEEPER: --- Keeper cycle end ---
[2026-05-03T07:30:07-08:00] KEEPER: --- Keeper cycle end ---
[2026-05-03T07:35:05-08:00] KEEPER: --- Keeper cycle start ---
[2026-05-03T07:35:05-08:00] KEEPER: --- Keeper cycle start ---
[2026-05-03T07:35:05-08:00] KEEPER: WARN: Gateway is down. Attempting restart.
[2026-05-03T07:35:05-08:00] KEEPER: WARN: Gateway is down. Attempting restart.
[2026-05-03T07:35:08-08:00] KEEPER: CRITICAL: Gateway restart failed!
[2026-05-03T07:35:08-08:00] KEEPER: CRITICAL: Gateway restart failed!
[2026-05-03T07:35:08-08:00] KEEPER: --- Keeper cycle end ---
[2026-05-03T07:35:08-08:00] KEEPER: --- Keeper cycle end ---
[2026-05-03T07:40:04-08:00] KEEPER: --- Keeper cycle start ---
[2026-05-03T07:40:04-08:00] KEEPER: --- Keeper cycle start ---
[2026-05-03T07:40:04-08:00] KEEPER: WARN: Gateway is down. Attempting restart.
[2026-05-03T07:40:04-08:00] KEEPER: WARN: Gateway is down. Attempting restart.
[2026-05-03T07:40:07-08:00] KEEPER: CRITICAL: Gateway restart failed!
[2026-05-03T07:40:07-08:00] KEEPER: CRITICAL: Gateway restart failed!
[2026-05-03T07:40:07-08:00] KEEPER: --- Keeper cycle end ---
[2026-05-03T07:40:07-08:00] KEEPER: --- Keeper cycle end ---
[2026-05-03T07:45:05-08:00] KEEPER: --- Keeper cycle start ---
[2026-05-03T07:45:05-08:00] KEEPER: --- Keeper cycle start ---
[2026-05-03T07:45:05-08:00] KEEPER: WARN: Gateway is down. Attempting restart.
[2026-05-03T07:45:05-08:00] KEEPER: WARN: Gateway is down. Attempting restart.
[2026-05-03T07:45:08-08:00] KEEPER: CRITICAL: Gateway restart failed!
[2026-05-03T07:45:08-08:00] KEEPER: CRITICAL: Gateway restart failed!
[2026-05-03T07:45:08-08:00] KEEPER: --- Keeper cycle end ---
[2026-05-03T07:45:08-08:00] KEEPER: --- Keeper cycle end ---
[2026-05-03T07:50:04-08:00] KEEPER: --- Keeper cycle start ---
[2026-05-03T07:50:04-08:00] KEEPER: --- Keeper cycle start ---
[2026-05-03T07:50:04-08:00] KEEPER: WARN: Gateway is down. Attempting restart.
[2026-05-03T07:50:04-08:00] KEEPER: WARN: Gateway is down. Attempting restart.
[2026-05-03T07:50:07-08:00] KEEPER: CRITICAL: Gateway restart failed!
[2026-05-03T07:50:07-08:00] KEEPER: CRITICAL: Gateway restart failed!
[2026-05-03T07:50:08-08:00] KEEPER: --- Keeper cycle end ---
[2026-05-03T07:50:08-08:00] KEEPER: --- Keeper cycle end ---
[2026-05-03T07:55:04-08:00] KEEPER: --- Keeper cycle start ---
[2026-05-03T07:55:04-08:00] KEEPER: --- Keeper cycle start ---
[2026-05-03T07:55:04-08:00] KEEPER: WARN: Gateway is down. Attempting restart.
[2026-05-03T07:55:04-08:00] KEEPER: WARN: Gateway is down. Attempting restart.
[2026-05-03T07:55:07-08:00] KEEPER: CRITICAL: Gateway restart failed!
[2026-05-03T07:55:07-08:00] KEEPER: CRITICAL: Gateway restart failed!
[2026-05-03T07:55:07-08:00] KEEPER: --- Keeper cycle end ---
[2026-05-03T07:55:07-08:00] KEEPER: --- Keeper cycle end ---
[2026-05-03T08:00:03-08:00] KEEPER: --- Keeper cycle start ---
[2026-05-03T08:00:03-08:00] KEEPER: --- Keeper cycle start ---
[2026-05-03T08:00:03-08:00] KEEPER: WARN: Gateway is down. Attempting restart.
[2026-05-03T08:00:03-08:00] KEEPER: WARN: Gateway is down. Attempting restart.
[2026-05-03T08:00:06-08:00] KEEPER: CRITICAL: Gateway restart failed!
[2026-05-03T08:00:06-08:00] KEEPER: CRITICAL: Gateway restart failed!
[2026-05-03T08:00:06-08:00] KEEPER: --- Keeper cycle end ---
[2026-05-03T08:00:06-08:00] KEEPER: --- Keeper cycle end ---
[2026-05-03T08:05:06-08:00] KEEPER: --- Keeper cycle start ---
[2026-05-03T08:05:06-08:00] KEEPER: --- Keeper cycle start ---
[2026-05-03T08:05:06-08:00] KEEPER: WARN: Gateway is down. Attempting restart.
[2026-05-03T08:05:06-08:00] KEEPER: WARN: Gateway is down. Attempting restart.
[2026-05-03T08:05:09-08:00] KEEPER: CRITICAL: Gateway restart failed!
[2026-05-03T08:05:09-08:00] KEEPER: CRITICAL: Gateway restart failed!
[2026-05-03T08:05:09-08:00] KEEPER: --- Keeper cycle end ---
[2026-05-03T08:05:09-08:00] KEEPER: --- Keeper cycle end ---
[2026-05-03T08:10:00-08:00] KEEPER: --- Keeper cycle start ---
[2026-05-03T08:10:00-08:00] KEEPER: --- Keeper cycle start ---
[2026-05-03T08:10:00-08:00] KEEPER: WARN: Gateway is down. Attempting restart.
[2026-05-03T08:10:00-08:00] KEEPER: WARN: Gateway is down. Attempting restart.
[2026-05-03T08:10:03-08:00] KEEPER: CRITICAL: Gateway restart failed!
[2026-05-03T08:10:03-08:00] KEEPER: CRITICAL: Gateway restart failed!
[2026-05-03T08:10:03-08:00] KEEPER: --- Keeper cycle end ---
[2026-05-03T08:10:03-08:00] KEEPER: --- Keeper cycle end ---
[2026-05-03T08:15:04-08:00] KEEPER: --- Keeper cycle start ---
[2026-05-03T08:15:04-08:00] KEEPER: --- Keeper cycle start ---
[2026-05-03T08:15:04-08:00] KEEPER: WARN: Gateway is down. Attempting restart.
[2026-05-03T08:15:04-08:00] KEEPER: WARN: Gateway is down. Attempting restart.
[2026-05-03T08:15:07-08:00] KEEPER: CRITICAL: Gateway restart failed!
[2026-05-03T08:15:07-08:00] KEEPER: CRITICAL: Gateway restart failed!
[2026-05-03T08:15:07-08:00] KEEPER: --- Keeper cycle end ---
[2026-05-03T08:15:07-08:00] KEEPER: --- Keeper cycle end ---
[2026-05-03T08:20:03-08:00] KEEPER: --- Keeper cycle start ---
[2026-05-03T08:20:03-08:00] KEEPER: --- Keeper cycle start ---
[2026-05-03T08:20:03-08:00] KEEPER: WARN: Gateway is down. Attempting restart.
[2026-05-03T08:20:03-08:00] KEEPER: WARN: Gateway is down. Attempting restart.
[2026-05-03T08:20:06-08:00] KEEPER: CRITICAL: Gateway restart failed!
[2026-05-03T08:20:06-08:00] KEEPER: CRITICAL: Gateway restart failed!
[2026-05-03T08:20:06-08:00] KEEPER: --- Keeper cycle end ---
[2026-05-03T08:20:06-08:00] KEEPER: --- Keeper cycle end ---
[2026-05-03T08:25:04-08:00] KEEPER: --- Keeper cycle start ---
[2026-05-03T08:25:04-08:00] KEEPER: --- Keeper cycle start ---
[2026-05-03T08:25:04-08:00] KEEPER: WARN: Gateway is down. Attempting restart.
[2026-05-03T08:25:04-08:00] KEEPER: WARN: Gateway is down. Attempting restart.
[2026-05-03T08:25:07-08:00] KEEPER: CRITICAL: Gateway restart failed!
[2026-05-03T08:25:07-08:00] KEEPER: CRITICAL: Gateway restart failed!
[2026-05-03T08:25:07-08:00] KEEPER: --- Keeper cycle end ---
[2026-05-03T08:25:07-08:00] KEEPER: --- Keeper cycle end ---
[2026-05-03T08:30:05-08:00] KEEPER: --- Keeper cycle start ---
[2026-05-03T08:30:05-08:00] KEEPER: --- Keeper cycle start ---
[2026-05-03T08:30:05-08:00] KEEPER: WARN: Gateway is down. Attempting restart.
[2026-05-03T08:30:05-08:00] KEEPER: WARN: Gateway is down. Attempting restart.
[2026-05-03T08:30:08-08:00] KEEPER: CRITICAL: Gateway restart failed!
[2026-05-03T08:30:08-08:00] KEEPER: CRITICAL: Gateway restart failed!
[2026-05-03T08:30:08-08:00] KEEPER: --- Keeper cycle end ---
[2026-05-03T08:30:08-08:00] KEEPER: --- Keeper cycle end ---
[2026-05-03T08:35:04-08:00] KEEPER: --- Keeper cycle start ---
[2026-05-03T08:35:04-08:00] KEEPER: --- Keeper cycle start ---
[2026-05-03T08:35:04-08:00] KEEPER: WARN: Gateway is down. Attempting restart.
[2026-05-03T08:35:04-08:00] KEEPER: WARN: Gateway is down. Attempting restart.
[2026-05-03T08:35:07-08:00] KEEPER: CRITICAL: Gateway restart failed!
[2026-05-03T08:35:07-08:00] KEEPER: CRITICAL: Gateway restart failed!
[2026-05-03T08:35:07-08:00] KEEPER: --- Keeper cycle end ---
[2026-05-03T08:35:07-08:00] KEEPER: --- Keeper cycle end ---
[2026-05-03T08:40:04-08:00] KEEPER: --- Keeper cycle start ---
[2026-05-03T08:40:04-08:00] KEEPER: --- Keeper cycle start ---
[2026-05-03T08:40:04-08:00] KEEPER: WARN: Gateway is down. Attempting restart.
[2026-05-03T08:40:04-08:00] KEEPER: WARN: Gateway is down. Attempting restart.
[2026-05-03T08:40:07-08:00] KEEPER: CRITICAL: Gateway restart failed!
[2026-05-03T08:40:07-08:00] KEEPER: CRITICAL: Gateway restart failed!
[2026-05-03T08:40:07-08:00] KEEPER: --- Keeper cycle end ---
[2026-05-03T08:40:07-08:00] KEEPER: --- Keeper cycle end ---
[2026-05-03T08:45:04-08:00] KEEPER: --- Keeper cycle start ---
[2026-05-03T08:45:04-08:00] KEEPER: --- Keeper cycle start ---
[2026-05-03T08:45:04-08:00] KEEPER: WARN: Gateway is down. Attempting restart.
[2026-05-03T08:45:04-08:00] KEEPER: WARN: Gateway is down. Attempting restart.
[2026-05-03T08:45:07-08:00] KEEPER: CRITICAL: Gateway restart failed!
[2026-05-03T08:45:07-08:00] KEEPER: CRITICAL: Gateway restart failed!
[2026-05-03T08:45:08-08:00] KEEPER: --- Keeper cycle end ---
[2026-05-03T08:45:08-08:00] KEEPER: --- Keeper cycle end ---
[2026-05-03T08:50:04-08:00] KEEPER: --- Keeper cycle start ---
[2026-05-03T08:50:04-08:00] KEEPER: --- Keeper cycle start ---
[2026-05-03T08:50:04-08:00] KEEPER: WARN: Gateway is down. Attempting restart.
[2026-05-03T08:50:04-08:00] KEEPER: WARN: Gateway is down. Attempting restart.
[2026-05-03T08:50:07-08:00] KEEPER: CRITICAL: Gateway restart failed!
[2026-05-03T08:50:07-08:00] KEEPER: CRITICAL: Gateway restart failed!
[2026-05-03T08:50:07-08:00] KEEPER: OK: Log rotated.
[2026-05-03T08:50:07-08:00] KEEPER: --- Keeper cycle end ---
[2026-05-03T08:55:05-08:00] KEEPER: --- Keeper cycle start ---
[2026-05-03T08:55:05-08:00] KEEPER: --- Keeper cycle start ---
[2026-05-03T08:55:05-08:00] KEEPER: WARN: Gateway is down. Attempting restart.
[2026-05-03T08:55:05-08:00] KEEPER: WARN: Gateway is down. Attempting restart.
[2026-05-03T08:55:08-08:00] KEEPER: CRITICAL: Gateway restart failed!
[2026-05-03T08:55:08-08:00] KEEPER: CRITICAL: Gateway restart failed!
[2026-05-03T08:55:08-08:00] KEEPER: --- Keeper cycle end ---
[2026-05-03T08:55:08-08:00] KEEPER: --- Keeper cycle end ---
[2026-05-03T09:00:04-08:00] KEEPER: --- Keeper cycle start ---
[2026-05-03T09:00:04-08:00] KEEPER: --- Keeper cycle start ---
[2026-05-03T09:00:04-08:00] KEEPER: WARN: Gateway is down. Attempting restart.
[2026-05-03T09:00:04-08:00] KEEPER: WARN: Gateway is down. Attempting restart.
[2026-05-03T09:00:07-08:00] KEEPER: CRITICAL: Gateway restart failed!
[2026-05-03T09:00:07-08:00] KEEPER: CRITICAL: Gateway restart failed!
[2026-05-03T09:00:08-08:00] KEEPER: --- Keeper cycle end ---
[2026-05-03T09:00:08-08:00] KEEPER: --- Keeper cycle end ---
[2026-05-03T09:05:04-08:00] KEEPER: --- Keeper cycle start ---
[2026-05-03T09:05:04-08:00] KEEPER: --- Keeper cycle start ---
[2026-05-03T09:05:04-08:00] KEEPER: WARN: Gateway is down. Attempting restart.
[2026-05-03T09:05:04-08:00] KEEPER: WARN: Gateway is down. Attempting restart.
[2026-05-03T09:05:07-08:00] KEEPER: CRITICAL: Gateway restart failed!
[2026-05-03T09:05:07-08:00] KEEPER: CRITICAL: Gateway restart failed!
[2026-05-03T09:05:07-08:00] KEEPER: --- Keeper cycle end ---
[2026-05-03T09:05:07-08:00] KEEPER: --- Keeper cycle end ---
[2026-05-03T09:10:04-08:00] KEEPER: --- Keeper cycle start ---
[2026-05-03T09:10:04-08:00] KEEPER: --- Keeper cycle start ---
[2026-05-03T09:10:04-08:00] KEEPER: WARN: Gateway is down. Attempting restart.
[2026-05-03T09:10:04-08:00] KEEPER: WARN: Gateway is down. Attempting restart.
[2026-05-03T09:10:07-08:00] KEEPER: CRITICAL: Gateway restart failed!
[2026-05-03T09:10:07-08:00] KEEPER: CRITICAL: Gateway restart failed!
[2026-05-03T09:10:08-08:00] KEEPER: --- Keeper cycle end ---
[2026-05-03T09:10:08-08:00] KEEPER: --- Keeper cycle end ---
[2026-05-03T09:15:04-08:00] KEEPER: --- Keeper cycle start ---
[2026-05-03T09:15:04-08:00] KEEPER: --- Keeper cycle start ---
[2026-05-03T09:15:04-08:00] KEEPER: WARN: Gateway is down. Attempting restart.
[2026-05-03T09:15:04-08:00] KEEPER: WARN: Gateway is down. Attempting restart.
[2026-05-03T09:15:07-08:00] KEEPER: CRITICAL: Gateway restart failed!
[2026-05-03T09:15:07-08:00] KEEPER: CRITICAL: Gateway restart failed!
[2026-05-03T09:15:07-08:00] KEEPER: --- Keeper cycle end ---
[2026-05-03T09:15:07-08:00] KEEPER: --- Keeper cycle end ---
[2026-05-03T09:20:04-08:00] KEEPER: --- Keeper cycle start ---
[2026-05-03T09:20:04-08:00] KEEPER: --- Keeper cycle start ---
[2026-05-03T09:20:04-08:00] KEEPER: WARN: Gateway is down. Attempting restart.
[2026-05-03T09:20:04-08:00] KEEPER: WARN: Gateway is down. Attempting restart.
[2026-05-03T09:20:07-08:00] KEEPER: CRITICAL: Gateway restart failed!
[2026-05-03T09:20:07-08:00] KEEPER: CRITICAL: Gateway restart failed!
[2026-05-03T09:20:08-08:00] KEEPER: --- Keeper cycle end ---
[2026-05-03T09:20:08-08:00] KEEPER: --- Keeper cycle end ---
[2026-05-03T09:25:04-08:00] KEEPER: --- Keeper cycle start ---
[2026-05-03T09:25:04-08:00] KEEPER: --- Keeper cycle start ---
[2026-05-03T09:25:04-08:00] KEEPER: WARN: Gateway is down. Attempting restart.
[2026-05-03T09:25:04-08:00] KEEPER: WARN: Gateway is down. Attempting restart.
[2026-05-03T09:25:07-08:00] KEEPER: CRITICAL: Gateway restart failed!
[2026-05-03T09:25:07-08:00] KEEPER: CRITICAL: Gateway restart failed!
[2026-05-03T09:25:07-08:00] KEEPER: --- Keeper cycle end ---
[2026-05-03T09:25:07-08:00] KEEPER: --- Keeper cycle end ---
[2026-05-03T09:30:05-08:00] KEEPER: --- Keeper cycle start ---
[2026-05-03T09:30:05-08:00] KEEPER: --- Keeper cycle start ---
[2026-05-03T09:30:05-08:00] KEEPER: WARN: Gateway is down. Attempting restart.
[2026-05-03T09:30:05-08:00] KEEPER: WARN: Gateway is down. Attempting restart.
[2026-05-03T09:30:08-08:00] KEEPER: CRITICAL: Gateway restart failed!
[2026-05-03T09:30:08-08:00] KEEPER: CRITICAL: Gateway restart failed!
[2026-05-03T09:30:08-08:00] KEEPER: --- Keeper cycle end ---
[2026-05-03T09:30:08-08:00] KEEPER: --- Keeper cycle end ---
[2026-05-03T09:35:04-08:00] KEEPER: --- Keeper cycle start ---
[2026-05-03T09:35:04-08:00] KEEPER: --- Keeper cycle start ---
[2026-05-03T09:35:04-08:00] KEEPER: WARN: Gateway is down. Attempting restart.
[2026-05-03T09:35:04-08:00] KEEPER: WARN: Gateway is down. Attempting restart.
[2026-05-03T09:35:07-08:00] KEEPER: CRITICAL: Gateway restart failed!
[2026-05-03T09:35:07-08:00] KEEPER: CRITICAL: Gateway restart failed!
[2026-05-03T09:35:08-08:00] KEEPER: --- Keeper cycle end ---
[2026-05-03T09:35:08-08:00] KEEPER: --- Keeper cycle end ---
[2026-05-03T09:40:04-08:00] KEEPER: --- Keeper cycle start ---
[2026-05-03T09:40:04-08:00] KEEPER: --- Keeper cycle start ---
[2026-05-03T09:40:04-08:00] KEEPER: WARN: Gateway is down. Attempting restart.
[2026-05-03T09:40:04-08:00] KEEPER: WARN: Gateway is down. Attempting restart.
[2026-05-03T09:40:07-08:00] KEEPER: CRITICAL: Gateway restart failed!
[2026-05-03T09:40:07-08:00] KEEPER: CRITICAL: Gateway restart failed!
[2026-05-03T09:40:07-08:00] KEEPER: --- Keeper cycle end ---
[2026-05-03T09:40:07-08:00] KEEPER: --- Keeper cycle end ---
[2026-05-03T09:45:05-08:00] KEEPER: --- Keeper cycle start ---
[2026-05-03T09:45:05-08:00] KEEPER: --- Keeper cycle start ---
[2026-05-03T09:45:05-08:00] KEEPER: WARN: Gateway is down. Attempting restart.
[2026-05-03T09:45:05-08:00] KEEPER: WARN: Gateway is down. Attempting restart.
[2026-05-03T09:45:08-08:00] KEEPER: CRITICAL: Gateway restart failed!
[2026-05-03T09:45:08-08:00] KEEPER: CRITICAL: Gateway restart failed!
[2026-05-03T09:45:08-08:00] KEEPER: --- Keeper cycle end ---
[2026-05-03T09:45:08-08:00] KEEPER: --- Keeper cycle end ---
[2026-05-03T09:50:04-08:00] KEEPER: --- Keeper cycle start ---
[2026-05-03T09:50:04-08:00] KEEPER: --- Keeper cycle start ---
[2026-05-03T09:50:04-08:00] KEEPER: WARN: Gateway is down. Attempting restart.
[2026-05-03T09:50:04-08:00] KEEPER: WARN: Gateway is down. Attempting restart.
[2026-05-03T09:50:07-08:00] KEEPER: CRITICAL: Gateway restart failed!
[2026-05-03T09:50:07-08:00] KEEPER: CRITICAL: Gateway restart failed!
[2026-05-03T09:50:07-08:00] KEEPER: --- Keeper cycle end ---
[2026-05-03T09:50:07-08:00] KEEPER: --- Keeper cycle end ---
[2026-05-03T09:55:05-08:00] KEEPER: --- Keeper cycle start ---
[2026-05-03T09:55:05-08:00] KEEPER: --- Keeper cycle start ---
[2026-05-03T09:55:05-08:00] KEEPER: WARN: Gateway is down. Attempting restart.
[2026-05-03T09:55:05-08:00] KEEPER: WARN: Gateway is down. Attempting restart.
[2026-05-03T09:55:08-08:00] KEEPER: CRITICAL: Gateway restart failed!
[2026-05-03T09:55:08-08:00] KEEPER: CRITICAL: Gateway restart failed!
[2026-05-03T09:55:08-08:00] KEEPER: --- Keeper cycle end ---
[2026-05-03T09:55:08-08:00] KEEPER: --- Keeper cycle end ---
[2026-05-03T10:00:05-08:00] KEEPER: --- Keeper cycle start ---
[2026-05-03T10:00:05-08:00] KEEPER: --- Keeper cycle start ---
[2026-05-03T10:00:05-08:00] KEEPER: WARN: Gateway is down. Attempting restart.
[2026-05-03T10:00:05-08:00] KEEPER: WARN: Gateway is down. Attempting restart.
[2026-05-03T10:00:08-08:00] KEEPER: CRITICAL: Gateway restart failed!
[2026-05-03T10:00:08-08:00] KEEPER: CRITICAL: Gateway restart failed!
[2026-05-03T10:00:08-08:00] KEEPER: --- Keeper cycle end ---
[2026-05-03T10:00:08-08:00] KEEPER: --- Keeper cycle end ---
[2026-05-03T10:05:04-08:00] KEEPER: --- Keeper cycle start ---
[2026-05-03T10:05:04-08:00] KEEPER: --- Keeper cycle start ---
[2026-05-03T10:05:04-08:00] KEEPER: WARN: Gateway is down. Attempting restart.
[2026-05-03T10:05:04-08:00] KEEPER: WARN: Gateway is down. Attempting restart.
[2026-05-03T10:05:07-08:00] KEEPER: CRITICAL: Gateway restart failed!
[2026-05-03T10:05:07-08:00] KEEPER: CRITICAL: Gateway restart failed!
[2026-05-03T10:05:07-08:00] KEEPER: --- Keeper cycle end ---
[2026-05-03T10:05:07-08:00] KEEPER: --- Keeper cycle end ---
[2026-05-03T10:10:05-08:00] KEEPER: --- Keeper cycle start ---
[2026-05-03T10:10:05-08:00] KEEPER: --- Keeper cycle start ---
[2026-05-03T10:10:05-08:00] KEEPER: WARN: Gateway is down. Attempting restart.
[2026-05-03T10:10:05-08:00] KEEPER: WARN: Gateway is down. Attempting restart.
[2026-05-03T10:10:08-08:00] KEEPER: CRITICAL: Gateway restart failed!
[2026-05-03T10:10:08-08:00] KEEPER: CRITICAL: Gateway restart failed!
[2026-05-03T10:10:08-08:00] KEEPER: --- Keeper cycle end ---
[2026-05-03T10:10:08-08:00] KEEPER: --- Keeper cycle end ---
[2026-05-03T10:15:04-08:00] KEEPER: --- Keeper cycle start ---
[2026-05-03T10:15:04-08:00] KEEPER: --- Keeper cycle start ---
[2026-05-03T10:15:04-08:00] KEEPER: WARN: Gateway is down. Attempting restart.
[2026-05-03T10:15:04-08:00] KEEPER: WARN: Gateway is down. Attempting restart.
[2026-05-03T10:15:07-08:00] KEEPER: CRITICAL: Gateway restart failed!
[2026-05-03T10:15:07-08:00] KEEPER: CRITICAL: Gateway restart failed!
[2026-05-03T10:15:07-08:00] KEEPER: --- Keeper cycle end ---
[2026-05-03T10:15:07-08:00] KEEPER: --- Keeper cycle end ---
[2026-05-03T10:20:05-08:00] KEEPER: --- Keeper cycle start ---
[2026-05-03T10:20:05-08:00] KEEPER: --- Keeper cycle start ---
[2026-05-03T10:20:05-08:00] KEEPER: WARN: Gateway is down. Attempting restart.
[2026-05-03T10:20:05-08:00] KEEPER: WARN: Gateway is down. Attempting restart.
[2026-05-03T10:20:08-08:00] KEEPER: CRITICAL: Gateway restart failed!
[2026-05-03T10:20:08-08:00] KEEPER: CRITICAL: Gateway restart failed!
[2026-05-03T10:20:08-08:00] KEEPER: --- Keeper cycle end ---
[2026-05-03T10:20:08-08:00] KEEPER: --- Keeper cycle end ---
[2026-05-03T10:25:04-08:00] KEEPER: --- Keeper cycle start ---
[2026-05-03T10:25:04-08:00] KEEPER: --- Keeper cycle start ---
[2026-05-03T10:25:04-08:00] KEEPER: WARN: Gateway is down. Attempting restart.
[2026-05-03T10:25:04-08:00] KEEPER: WARN: Gateway is down. Attempting restart.
[2026-05-03T10:25:08-08:00] KEEPER: CRITICAL: Gateway restart failed!
[2026-05-03T10:25:08-08:00] KEEPER: CRITICAL: Gateway restart failed!
[2026-05-03T10:25:08-08:00] KEEPER: --- Keeper cycle end ---
[2026-05-03T10:25:08-08:00] KEEPER: --- Keeper cycle end ---
[2026-05-03T10:30:04-08:00] KEEPER: --- Keeper cycle start ---
[2026-05-03T10:30:04-08:00] KEEPER: --- Keeper cycle start ---
[2026-05-03T10:30:04-08:00] KEEPER: WARN: Gateway is down. Attempting restart.
[2026-05-03T10:30:04-08:00] KEEPER: WARN: Gateway is down. Attempting restart.
[2026-05-03T10:30:07-08:00] KEEPER: CRITICAL: Gateway restart failed!
[2026-05-03T10:30:07-08:00] KEEPER: CRITICAL: Gateway restart failed!
[2026-05-03T10:30:07-08:00] KEEPER: --- Keeper cycle end ---
[2026-05-03T10:30:07-08:00] KEEPER: --- Keeper cycle end ---
[2026-05-03T10:35:05-08:00] KEEPER: --- Keeper cycle start ---
[2026-05-03T10:35:05-08:00] KEEPER: --- Keeper cycle start ---
[2026-05-03T10:35:05-08:00] KEEPER: WARN: Gateway is down. Attempting restart.
[2026-05-03T10:35:05-08:00] KEEPER: WARN: Gateway is down. Attempting restart.
[2026-05-03T10:35:08-08:00] KEEPER: CRITICAL: Gateway restart failed!
[2026-05-03T10:35:08-08:00] KEEPER: CRITICAL: Gateway restart failed!
[2026-05-03T10:35:08-08:00] KEEPER: --- Keeper cycle end ---
[2026-05-03T10:35:08-08:00] KEEPER: --- Keeper cycle end ---
[2026-05-03T10:40:04-08:00] KEEPER: --- Keeper cycle start ---
[2026-05-03T10:40:04-08:00] KEEPER: --- Keeper cycle start ---
[2026-05-03T10:40:04-08:00] KEEPER: WARN: Gateway is down. Attempting restart.
[2026-05-03T10:40:04-08:00] KEEPER: WARN: Gateway is down. Attempting restart.
[2026-05-03T10:40:07-08:00] KEEPER: CRITICAL: Gateway restart failed!
[2026-05-03T10:40:07-08:00] KEEPER: CRITICAL: Gateway restart failed!
[2026-05-03T10:40:07-08:00] KEEPER: --- Keeper cycle end ---
[2026-05-03T10:40:07-08:00] KEEPER: --- Keeper cycle end ---
